[2024-03-29 14:36:14,545] multiqc                                            [DEBUG  ]  This is MultiQC v1.12
[2024-03-29 14:36:14,545] multiqc                                            [DEBUG  ]  No MultiQC config found: /sw/bioinfo/MultiQC/1.12/rackham/lib/python3.8/site-packages/multiqc_config.yaml
[2024-03-29 14:36:14,546] multiqc                                            [DEBUG  ]  No MultiQC config found: /home/gape9739/.multiqc_config.yaml
[2024-03-29 14:36:14,555] multiqc                                            [DEBUG  ]  No MultiQC config found: multiqc_config.yaml
[2024-03-29 14:36:14,555] multiqc                                            [DEBUG  ]  Command used: /sw/bioinfo/MultiQC/1.12/rackham/bin/multiqc ../main_output/trim_20_min_70 -o ../main_output/trim_20_min_70 -f
[2024-03-29 14:36:14,969] multiqc                                            [WARNING]  MultiQC Version v1.21 now available!
[2024-03-29 14:36:14,970] multiqc                                            [DEBUG  ]  Command     : /sw/bioinfo/MultiQC/1.12/rackham/bin/multiqc ../main_output/trim_20_min_70 -o ../main_output/trim_20_min_70 -f
[2024-03-29 14:36:14,970] multiqc                                            [DEBUG  ]  Working dir : /domus/h1/gape9739/Genome_Analysis/data/fastqc/scripts
[2024-03-29 14:36:14,970] multiqc                                            [DEBUG  ]  Template    : default
[2024-03-29 14:36:14,970] multiqc                                            [DEBUG  ]  Running Python 3.8.7 (default, Feb  1 2021, 11:54:01)  [GCC 8.3.0]
[2024-03-29 14:36:14,971] multiqc                                            [DEBUG  ]  Analysing modules: custom_content, ccs, ngsderive, purple, conpair, lima, peddy, somalier, methylQA, mosdepth, phantompeakqualtools, qualimap, preseq, quast, qorts, rna_seqc, rockhopper, rsem, rseqc, busco, bustools, goleft_indexcov, gffcompare, disambiguate, supernova, deeptools, sargasso, verifybamid, mirtrace, happy, mirtop, sambamba, homer, hops, macs2, theta2, snpeff, gatk, htseq, bcftools, featureCounts, fgbio, dragen, dedup, pbmarkdup, damageprofiler, biobambam2, jcvi, mtnucratio, picard, vep, sentieon, prokka, qc3C, nanostat, samblaster, samtools, sexdeterrmine, eigenstratdatabasetools, bamtools, jellyfish, vcftools, longranger, stacks, varscan2, snippy, bbmap, bismark, biscuit, hicexplorer, hicup, hicpro, salmon, kallisto, slamdunk, star, hisat2, tophat, bowtie2, bowtie1, snpsplit, odgi, pangolin, kat, leehom, adapterRemoval, clipandmerge, cutadapt, flexbar, kaiju, kraken, malt, trimmomatic, sickle, skewer, sortmerna, biobloomtools, fastq_screen, afterqc, fastp, fastqc, pychopper, pycoqc, minionqc, multivcfanalyzer, clusterflow, checkqc, bcl2fastq, bclconvert, interop, ivar, flash, seqyclean, optitype, whatshap
[2024-03-29 14:36:14,971] multiqc                                            [DEBUG  ]  Using temporary directory for creating report: /scratch/9229332/tmpdr_ukefj
[2024-03-29 14:36:15,174] multiqc                                            [INFO   ]  Search path : /domus/h1/gape9739/Genome_Analysis/data/fastqc/main_output/trim_20_min_70
[2024-03-29 14:36:15,246] multiqc                                            [DEBUG  ]  File ignored by ccs/v4 because it exceeded search pattern filesize limit: HP126_DNA_trimmomatic_reverse_unpaired_fastqc.html
[2024-03-29 14:36:15,251] multiqc                                            [DEBUG  ]  File ignored by hicexplorer because it exceeded search pattern filesize limit: HP126_DNA_trimmomatic_reverse_unpaired_fastqc.html
[2024-03-29 14:36:15,252] multiqc                                            [DEBUG  ]  File ignored by lima/summary because it exceeded search pattern filesize limit: HP126_DNA_trimmomatic_reverse_unpaired_fastqc.html
[2024-03-29 14:36:15,263] multiqc                                            [DEBUG  ]  File ignored by vep/vep_txt because it exceeded search pattern filesize limit: HP126_DNA_trimmomatic_reverse_unpaired_fastqc.html
[2024-03-29 14:36:15,263] multiqc                                            [DEBUG  ]  File ignored by longranger/invocation because it exceeded search pattern filesize limit: HP126_DNA_trimmomatic_reverse_unpaired_fastqc.html
[2024-03-29 14:36:15,328] multiqc                                            [DEBUG  ]  File ignored by nanostat because it exceeded search pattern filesize limit: HP126_DNA_trimmomatic_reverse_unpaired_fastqc.html
[2024-03-29 14:36:15,345] multiqc                                            [DEBUG  ]  File ignored by ccs/v4 because it exceeded search pattern filesize limit: DV3_DNA_trimmomatic_forward_paired_fastqc.html
[2024-03-29 14:36:15,350] multiqc                                            [DEBUG  ]  File ignored by hicexplorer because it exceeded search pattern filesize limit: DV3_DNA_trimmomatic_forward_paired_fastqc.html
[2024-03-29 14:36:15,350] multiqc                                            [DEBUG  ]  File ignored by lima/summary because it exceeded search pattern filesize limit: DV3_DNA_trimmomatic_forward_paired_fastqc.html
[2024-03-29 14:36:15,360] multiqc                                            [DEBUG  ]  File ignored by vep/vep_txt because it exceeded search pattern filesize limit: DV3_DNA_trimmomatic_forward_paired_fastqc.html
[2024-03-29 14:36:15,360] multiqc                                            [DEBUG  ]  File ignored by longranger/invocation because it exceeded search pattern filesize limit: DV3_DNA_trimmomatic_forward_paired_fastqc.html
[2024-03-29 14:36:15,414] multiqc                                            [DEBUG  ]  File ignored by nanostat because it exceeded search pattern filesize limit: DV3_DNA_trimmomatic_forward_paired_fastqc.html
[2024-03-29 14:36:15,428] multiqc                                            [DEBUG  ]  File ignored by ccs/v4 because it exceeded search pattern filesize limit: DV3_DNA_trimmomatic_forward_unpaired_fastqc.html
[2024-03-29 14:36:15,433] multiqc                                            [DEBUG  ]  File ignored by hicexplorer because it exceeded search pattern filesize limit: DV3_DNA_trimmomatic_forward_unpaired_fastqc.html
[2024-03-29 14:36:15,434] multiqc                                            [DEBUG  ]  File ignored by lima/summary because it exceeded search pattern filesize limit: DV3_DNA_trimmomatic_forward_unpaired_fastqc.html
[2024-03-29 14:36:15,443] multiqc                                            [DEBUG  ]  File ignored by vep/vep_txt because it exceeded search pattern filesize limit: DV3_DNA_trimmomatic_forward_unpaired_fastqc.html
[2024-03-29 14:36:15,443] multiqc                                            [DEBUG  ]  File ignored by longranger/invocation because it exceeded search pattern filesize limit: DV3_DNA_trimmomatic_forward_unpaired_fastqc.html
[2024-03-29 14:36:15,502] multiqc                                            [DEBUG  ]  File ignored by nanostat because it exceeded search pattern filesize limit: DV3_DNA_trimmomatic_forward_unpaired_fastqc.html
[2024-03-29 14:36:15,517] multiqc                                            [DEBUG  ]  File ignored by ccs/v4 because it exceeded search pattern filesize limit: DV3_DNA_trimmomatic_reverse_paired_fastqc.html
[2024-03-29 14:36:15,522] multiqc                                            [DEBUG  ]  File ignored by hicexplorer because it exceeded search pattern filesize limit: DV3_DNA_trimmomatic_reverse_paired_fastqc.html
[2024-03-29 14:36:15,522] multiqc                                            [DEBUG  ]  File ignored by lima/summary because it exceeded search pattern filesize limit: DV3_DNA_trimmomatic_reverse_paired_fastqc.html
[2024-03-29 14:36:15,532] multiqc                                            [DEBUG  ]  File ignored by vep/vep_txt because it exceeded search pattern filesize limit: DV3_DNA_trimmomatic_reverse_paired_fastqc.html
[2024-03-29 14:36:15,532] multiqc                                            [DEBUG  ]  File ignored by longranger/invocation because it exceeded search pattern filesize limit: DV3_DNA_trimmomatic_reverse_paired_fastqc.html
[2024-03-29 14:36:15,590] multiqc                                            [DEBUG  ]  File ignored by nanostat because it exceeded search pattern filesize limit: DV3_DNA_trimmomatic_reverse_paired_fastqc.html
[2024-03-29 14:36:15,605] multiqc                                            [DEBUG  ]  File ignored by ccs/v4 because it exceeded search pattern filesize limit: DV3_DNA_trimmomatic_reverse_unpaired_fastqc.html
[2024-03-29 14:36:15,610] multiqc                                            [DEBUG  ]  File ignored by hicexplorer because it exceeded search pattern filesize limit: DV3_DNA_trimmomatic_reverse_unpaired_fastqc.html
[2024-03-29 14:36:15,610] multiqc                                            [DEBUG  ]  File ignored by lima/summary because it exceeded search pattern filesize limit: DV3_DNA_trimmomatic_reverse_unpaired_fastqc.html
[2024-03-29 14:36:15,619] multiqc                                            [DEBUG  ]  File ignored by vep/vep_txt because it exceeded search pattern filesize limit: DV3_DNA_trimmomatic_reverse_unpaired_fastqc.html
[2024-03-29 14:36:15,620] multiqc                                            [DEBUG  ]  File ignored by longranger/invocation because it exceeded search pattern filesize limit: DV3_DNA_trimmomatic_reverse_unpaired_fastqc.html
[2024-03-29 14:36:15,682] multiqc                                            [DEBUG  ]  File ignored by nanostat because it exceeded search pattern filesize limit: DV3_DNA_trimmomatic_reverse_unpaired_fastqc.html
[2024-03-29 14:36:15,697] multiqc                                            [DEBUG  ]  File ignored by ccs/v4 because it exceeded search pattern filesize limit: HP126_DNA_trimmomatic_forward_paired_fastqc.html
[2024-03-29 14:36:15,702] multiqc                                            [DEBUG  ]  File ignored by hicexplorer because it exceeded search pattern filesize limit: HP126_DNA_trimmomatic_forward_paired_fastqc.html
[2024-03-29 14:36:15,703] multiqc                                            [DEBUG  ]  File ignored by lima/summary because it exceeded search pattern filesize limit: HP126_DNA_trimmomatic_forward_paired_fastqc.html
[2024-03-29 14:36:15,712] multiqc                                            [DEBUG  ]  File ignored by vep/vep_txt because it exceeded search pattern filesize limit: HP126_DNA_trimmomatic_forward_paired_fastqc.html
[2024-03-29 14:36:15,712] multiqc                                            [DEBUG  ]  File ignored by longranger/invocation because it exceeded search pattern filesize limit: HP126_DNA_trimmomatic_forward_paired_fastqc.html
[2024-03-29 14:36:15,766] multiqc                                            [DEBUG  ]  File ignored by nanostat because it exceeded search pattern filesize limit: HP126_DNA_trimmomatic_forward_paired_fastqc.html
[2024-03-29 14:36:15,780] multiqc                                            [DEBUG  ]  File ignored by ccs/v4 because it exceeded search pattern filesize limit: HP126_DNA_trimmomatic_forward_unpaired_fastqc.html
[2024-03-29 14:36:15,785] multiqc                                            [DEBUG  ]  File ignored by hicexplorer because it exceeded search pattern filesize limit: HP126_DNA_trimmomatic_forward_unpaired_fastqc.html
[2024-03-29 14:36:15,786] multiqc                                            [DEBUG  ]  File ignored by lima/summary because it exceeded search pattern filesize limit: HP126_DNA_trimmomatic_forward_unpaired_fastqc.html
[2024-03-29 14:36:15,796] multiqc                                            [DEBUG  ]  File ignored by vep/vep_txt because it exceeded search pattern filesize limit: HP126_DNA_trimmomatic_forward_unpaired_fastqc.html
[2024-03-29 14:36:15,796] multiqc                                            [DEBUG  ]  File ignored by longranger/invocation because it exceeded search pattern filesize limit: HP126_DNA_trimmomatic_forward_unpaired_fastqc.html
[2024-03-29 14:36:15,856] multiqc                                            [DEBUG  ]  File ignored by nanostat because it exceeded search pattern filesize limit: HP126_DNA_trimmomatic_forward_unpaired_fastqc.html
[2024-03-29 14:36:15,871] multiqc                                            [DEBUG  ]  File ignored by ccs/v4 because it exceeded search pattern filesize limit: HP126_DNA_trimmomatic_reverse_paired_fastqc.html
[2024-03-29 14:36:15,876] multiqc                                            [DEBUG  ]  File ignored by hicexplorer because it exceeded search pattern filesize limit: HP126_DNA_trimmomatic_reverse_paired_fastqc.html
[2024-03-29 14:36:15,876] multiqc                                            [DEBUG  ]  File ignored by lima/summary because it exceeded search pattern filesize limit: HP126_DNA_trimmomatic_reverse_paired_fastqc.html
[2024-03-29 14:36:15,885] multiqc                                            [DEBUG  ]  File ignored by vep/vep_txt because it exceeded search pattern filesize limit: HP126_DNA_trimmomatic_reverse_paired_fastqc.html
[2024-03-29 14:36:15,886] multiqc                                            [DEBUG  ]  File ignored by longranger/invocation because it exceeded search pattern filesize limit: HP126_DNA_trimmomatic_reverse_paired_fastqc.html
[2024-03-29 14:36:15,944] multiqc                                            [DEBUG  ]  File ignored by nanostat because it exceeded search pattern filesize limit: HP126_DNA_trimmomatic_reverse_paired_fastqc.html
[2024-03-29 14:36:16,694] multiqc.plots.linegraph                            [DEBUG  ]  Using matplotlib version 3.3.4
[2024-03-29 14:36:16,697] multiqc.plots.bargraph                             [DEBUG  ]  Using matplotlib version 3.3.4
[2024-03-29 14:36:16,825] multiqc.modules.fastqc.fastqc                      [INFO   ]  Found 8 reports
[2024-03-29 14:36:17,107] multiqc                                            [INFO   ]  Compressing plot data
[2024-03-29 14:36:17,278] multiqc                                            [INFO   ]  Report      : ../main_output/trim_20_min_70/multiqc_report.html
[2024-03-29 14:36:17,278] multiqc                                            [INFO   ]  Data        : ../main_output/trim_20_min_70/multiqc_data
[2024-03-29 14:36:17,278] multiqc                                            [DEBUG  ]  Moving data file from '/scratch/9229332/tmpdr_ukefj/multiqc_data' to '../main_output/trim_20_min_70/multiqc_data'
[2024-03-29 14:36:17,514] multiqc                                            [INFO   ]  MultiQC complete
