[2024-03-28 21:29:29,010] multiqc                                            [DEBUG  ]  This is MultiQC v1.12
[2024-03-28 21:29:29,010] multiqc                                            [DEBUG  ]  No MultiQC config found: /sw/bioinfo/MultiQC/1.12/rackham/lib/python3.8/site-packages/multiqc_config.yaml
[2024-03-28 21:29:29,011] multiqc                                            [DEBUG  ]  No MultiQC config found: /home/gape9739/.multiqc_config.yaml
[2024-03-28 21:29:29,011] multiqc                                            [DEBUG  ]  No MultiQC config found: multiqc_config.yaml
[2024-03-28 21:29:29,011] multiqc                                            [DEBUG  ]  Command used: /sw/bioinfo/MultiQC/1.12/rackham/bin/multiqc ../secondary_output/trim_base_25_min_70 -o ../main_output/ -f
[2024-03-28 21:29:29,525] multiqc                                            [WARNING]  MultiQC Version v1.21 now available!
[2024-03-28 21:29:29,525] multiqc                                            [DEBUG  ]  Command     : /sw/bioinfo/MultiQC/1.12/rackham/bin/multiqc ../secondary_output/trim_base_25_min_70 -o ../main_output/ -f
[2024-03-28 21:29:29,525] multiqc                                            [DEBUG  ]  Working dir : /domus/h1/gape9739/Genome_Analysis/data/fastqc/scripts
[2024-03-28 21:29:29,525] multiqc                                            [DEBUG  ]  Template    : default
[2024-03-28 21:29:29,525] multiqc                                            [DEBUG  ]  Running Python 3.8.7 (default, Feb  1 2021, 11:54:01)  [GCC 8.3.0]
[2024-03-28 21:29:29,526] multiqc                                            [DEBUG  ]  Analysing modules: custom_content, ccs, ngsderive, purple, conpair, lima, peddy, somalier, methylQA, mosdepth, phantompeakqualtools, qualimap, preseq, quast, qorts, rna_seqc, rockhopper, rsem, rseqc, busco, bustools, goleft_indexcov, gffcompare, disambiguate, supernova, deeptools, sargasso, verifybamid, mirtrace, happy, mirtop, sambamba, homer, hops, macs2, theta2, snpeff, gatk, htseq, bcftools, featureCounts, fgbio, dragen, dedup, pbmarkdup, damageprofiler, biobambam2, jcvi, mtnucratio, picard, vep, sentieon, prokka, qc3C, nanostat, samblaster, samtools, sexdeterrmine, eigenstratdatabasetools, bamtools, jellyfish, vcftools, longranger, stacks, varscan2, snippy, bbmap, bismark, biscuit, hicexplorer, hicup, hicpro, salmon, kallisto, slamdunk, star, hisat2, tophat, bowtie2, bowtie1, snpsplit, odgi, pangolin, kat, leehom, adapterRemoval, clipandmerge, cutadapt, flexbar, kaiju, kraken, malt, trimmomatic, sickle, skewer, sortmerna, biobloomtools, fastq_screen, afterqc, fastp, fastqc, pychopper, pycoqc, minionqc, multivcfanalyzer, clusterflow, checkqc, bcl2fastq, bclconvert, interop, ivar, flash, seqyclean, optitype, whatshap
[2024-03-28 21:29:29,526] multiqc                                            [DEBUG  ]  Using temporary directory for creating report: /scratch/9229220/tmpv6_psbbw
[2024-03-28 21:29:29,705] multiqc                                            [INFO   ]  Search path : /domus/h1/gape9739/Genome_Analysis/data/fastqc/secondary_output/trim_base_25_min_70
[2024-03-28 21:29:30,167] multiqc.plots.linegraph                            [DEBUG  ]  Using matplotlib version 3.3.4
[2024-03-28 21:29:30,168] multiqc.plots.bargraph                             [DEBUG  ]  Using matplotlib version 3.3.4
[2024-03-28 21:29:30,366] multiqc.modules.fastqc.fastqc                      [INFO   ]  Found 8 reports
[2024-03-28 21:29:30,633] multiqc                                            [INFO   ]  Compressing plot data
[2024-03-28 21:29:30,810] multiqc                                            [WARNING]  Deleting    : ../main_output/multiqc_data   (-f was specified)
[2024-03-28 21:29:30,813] multiqc                                            [INFO   ]  Report      : ../main_output/multiqc_report.html
[2024-03-28 21:29:30,813] multiqc                                            [INFO   ]  Data        : ../main_output/multiqc_data
[2024-03-28 21:29:30,813] multiqc                                            [DEBUG  ]  Moving data file from '/scratch/9229220/tmpv6_psbbw/multiqc_data' to '../main_output/multiqc_data'
[2024-03-28 21:29:31,024] multiqc                                            [INFO   ]  MultiQC complete
