[2024-03-29 14:02:09,699] multiqc                                            [DEBUG  ]  This is MultiQC v1.12
[2024-03-29 14:02:09,699] multiqc                                            [DEBUG  ]  No MultiQC config found: /sw/bioinfo/MultiQC/1.12/rackham/lib/python3.8/site-packages/multiqc_config.yaml
[2024-03-29 14:02:09,700] multiqc                                            [DEBUG  ]  No MultiQC config found: /home/gape9739/.multiqc_config.yaml
[2024-03-29 14:02:09,715] multiqc                                            [DEBUG  ]  No MultiQC config found: multiqc_config.yaml
[2024-03-29 14:02:09,715] multiqc                                            [DEBUG  ]  Command used: /sw/bioinfo/MultiQC/1.12/rackham/bin/multiqc ../main_output/trim_15_min_70 -o ../main_output/trim_15_min_70 -f
[2024-03-29 14:02:10,283] multiqc                                            [WARNING]  MultiQC Version v1.21 now available!
[2024-03-29 14:02:10,284] multiqc                                            [DEBUG  ]  Command     : /sw/bioinfo/MultiQC/1.12/rackham/bin/multiqc ../main_output/trim_15_min_70 -o ../main_output/trim_15_min_70 -f
[2024-03-29 14:02:10,284] multiqc                                            [DEBUG  ]  Working dir : /domus/h1/gape9739/Genome_Analysis/data/fastqc/scripts
[2024-03-29 14:02:10,284] multiqc                                            [DEBUG  ]  Template    : default
[2024-03-29 14:02:10,284] multiqc                                            [DEBUG  ]  Running Python 3.8.7 (default, Feb  1 2021, 11:54:01)  [GCC 8.3.0]
[2024-03-29 14:02:10,284] multiqc                                            [DEBUG  ]  Analysing modules: custom_content, ccs, ngsderive, purple, conpair, lima, peddy, somalier, methylQA, mosdepth, phantompeakqualtools, qualimap, preseq, quast, qorts, rna_seqc, rockhopper, rsem, rseqc, busco, bustools, goleft_indexcov, gffcompare, disambiguate, supernova, deeptools, sargasso, verifybamid, mirtrace, happy, mirtop, sambamba, homer, hops, macs2, theta2, snpeff, gatk, htseq, bcftools, featureCounts, fgbio, dragen, dedup, pbmarkdup, damageprofiler, biobambam2, jcvi, mtnucratio, picard, vep, sentieon, prokka, qc3C, nanostat, samblaster, samtools, sexdeterrmine, eigenstratdatabasetools, bamtools, jellyfish, vcftools, longranger, stacks, varscan2, snippy, bbmap, bismark, biscuit, hicexplorer, hicup, hicpro, salmon, kallisto, slamdunk, star, hisat2, tophat, bowtie2, bowtie1, snpsplit, odgi, pangolin, kat, leehom, adapterRemoval, clipandmerge, cutadapt, flexbar, kaiju, kraken, malt, trimmomatic, sickle, skewer, sortmerna, biobloomtools, fastq_screen, afterqc, fastp, fastqc, pychopper, pycoqc, minionqc, multivcfanalyzer, clusterflow, checkqc, bcl2fastq, bclconvert, interop, ivar, flash, seqyclean, optitype, whatshap
[2024-03-29 14:02:10,285] multiqc                                            [DEBUG  ]  Using temporary directory for creating report: /scratch/9229328/tmp07_v1dr0
[2024-03-29 14:02:10,462] multiqc                                            [INFO   ]  Search path : /domus/h1/gape9739/Genome_Analysis/data/fastqc/main_output/trim_15_min_70
[2024-03-29 14:02:10,512] multiqc                                            [DEBUG  ]  File ignored by ccs/v4 because it exceeded search pattern filesize limit: HP126_DNA_trimmomatic_forward_paired_fastqc.html
[2024-03-29 14:02:10,517] multiqc                                            [DEBUG  ]  File ignored by hicexplorer because it exceeded search pattern filesize limit: HP126_DNA_trimmomatic_forward_paired_fastqc.html
[2024-03-29 14:02:10,518] multiqc                                            [DEBUG  ]  File ignored by lima/summary because it exceeded search pattern filesize limit: HP126_DNA_trimmomatic_forward_paired_fastqc.html
[2024-03-29 14:02:10,528] multiqc                                            [DEBUG  ]  File ignored by vep/vep_txt because it exceeded search pattern filesize limit: HP126_DNA_trimmomatic_forward_paired_fastqc.html
[2024-03-29 14:02:10,529] multiqc                                            [DEBUG  ]  File ignored by longranger/invocation because it exceeded search pattern filesize limit: HP126_DNA_trimmomatic_forward_paired_fastqc.html
[2024-03-29 14:02:10,584] multiqc                                            [DEBUG  ]  File ignored by nanostat because it exceeded search pattern filesize limit: HP126_DNA_trimmomatic_forward_paired_fastqc.html
[2024-03-29 14:02:10,600] multiqc                                            [DEBUG  ]  File ignored by ccs/v4 because it exceeded search pattern filesize limit: HP126_DNA_trimmomatic_forward_unpaired_fastqc.html
[2024-03-29 14:02:10,605] multiqc                                            [DEBUG  ]  File ignored by hicexplorer because it exceeded search pattern filesize limit: HP126_DNA_trimmomatic_forward_unpaired_fastqc.html
[2024-03-29 14:02:10,605] multiqc                                            [DEBUG  ]  File ignored by lima/summary because it exceeded search pattern filesize limit: HP126_DNA_trimmomatic_forward_unpaired_fastqc.html
[2024-03-29 14:02:10,614] multiqc                                            [DEBUG  ]  File ignored by vep/vep_txt because it exceeded search pattern filesize limit: HP126_DNA_trimmomatic_forward_unpaired_fastqc.html
[2024-03-29 14:02:10,615] multiqc                                            [DEBUG  ]  File ignored by longranger/invocation because it exceeded search pattern filesize limit: HP126_DNA_trimmomatic_forward_unpaired_fastqc.html
[2024-03-29 14:02:10,674] multiqc                                            [DEBUG  ]  File ignored by nanostat because it exceeded search pattern filesize limit: HP126_DNA_trimmomatic_forward_unpaired_fastqc.html
[2024-03-29 14:02:10,689] multiqc                                            [DEBUG  ]  File ignored by ccs/v4 because it exceeded search pattern filesize limit: HP126_DNA_trimmomatic_reverse_paired_fastqc.html
[2024-03-29 14:02:10,694] multiqc                                            [DEBUG  ]  File ignored by hicexplorer because it exceeded search pattern filesize limit: HP126_DNA_trimmomatic_reverse_paired_fastqc.html
[2024-03-29 14:02:10,694] multiqc                                            [DEBUG  ]  File ignored by lima/summary because it exceeded search pattern filesize limit: HP126_DNA_trimmomatic_reverse_paired_fastqc.html
[2024-03-29 14:02:10,703] multiqc                                            [DEBUG  ]  File ignored by vep/vep_txt because it exceeded search pattern filesize limit: HP126_DNA_trimmomatic_reverse_paired_fastqc.html
[2024-03-29 14:02:10,704] multiqc                                            [DEBUG  ]  File ignored by longranger/invocation because it exceeded search pattern filesize limit: HP126_DNA_trimmomatic_reverse_paired_fastqc.html
[2024-03-29 14:02:10,761] multiqc                                            [DEBUG  ]  File ignored by nanostat because it exceeded search pattern filesize limit: HP126_DNA_trimmomatic_reverse_paired_fastqc.html
[2024-03-29 14:02:10,776] multiqc                                            [DEBUG  ]  File ignored by ccs/v4 because it exceeded search pattern filesize limit: HP126_DNA_trimmomatic_reverse_unpaired_fastqc.html
[2024-03-29 14:02:10,781] multiqc                                            [DEBUG  ]  File ignored by hicexplorer because it exceeded search pattern filesize limit: HP126_DNA_trimmomatic_reverse_unpaired_fastqc.html
[2024-03-29 14:02:10,781] multiqc                                            [DEBUG  ]  File ignored by lima/summary because it exceeded search pattern filesize limit: HP126_DNA_trimmomatic_reverse_unpaired_fastqc.html
[2024-03-29 14:02:10,790] multiqc                                            [DEBUG  ]  File ignored by vep/vep_txt because it exceeded search pattern filesize limit: HP126_DNA_trimmomatic_reverse_unpaired_fastqc.html
[2024-03-29 14:02:10,791] multiqc                                            [DEBUG  ]  File ignored by longranger/invocation because it exceeded search pattern filesize limit: HP126_DNA_trimmomatic_reverse_unpaired_fastqc.html
[2024-03-29 14:02:10,853] multiqc                                            [DEBUG  ]  File ignored by nanostat because it exceeded search pattern filesize limit: HP126_DNA_trimmomatic_reverse_unpaired_fastqc.html
[2024-03-29 14:02:10,867] multiqc                                            [DEBUG  ]  File ignored by ccs/v4 because it exceeded search pattern filesize limit: DV3_DNA_trimmomatic_forward_paired_fastqc.html
[2024-03-29 14:02:10,872] multiqc                                            [DEBUG  ]  File ignored by hicexplorer because it exceeded search pattern filesize limit: DV3_DNA_trimmomatic_forward_paired_fastqc.html
[2024-03-29 14:02:10,873] multiqc                                            [DEBUG  ]  File ignored by lima/summary because it exceeded search pattern filesize limit: DV3_DNA_trimmomatic_forward_paired_fastqc.html
[2024-03-29 14:02:10,883] multiqc                                            [DEBUG  ]  File ignored by vep/vep_txt because it exceeded search pattern filesize limit: DV3_DNA_trimmomatic_forward_paired_fastqc.html
[2024-03-29 14:02:10,883] multiqc                                            [DEBUG  ]  File ignored by longranger/invocation because it exceeded search pattern filesize limit: DV3_DNA_trimmomatic_forward_paired_fastqc.html
[2024-03-29 14:02:10,937] multiqc                                            [DEBUG  ]  File ignored by nanostat because it exceeded search pattern filesize limit: DV3_DNA_trimmomatic_forward_paired_fastqc.html
[2024-03-29 14:02:10,951] multiqc                                            [DEBUG  ]  File ignored by ccs/v4 because it exceeded search pattern filesize limit: DV3_DNA_trimmomatic_forward_unpaired_fastqc.html
[2024-03-29 14:02:10,956] multiqc                                            [DEBUG  ]  File ignored by hicexplorer because it exceeded search pattern filesize limit: DV3_DNA_trimmomatic_forward_unpaired_fastqc.html
[2024-03-29 14:02:10,956] multiqc                                            [DEBUG  ]  File ignored by lima/summary because it exceeded search pattern filesize limit: DV3_DNA_trimmomatic_forward_unpaired_fastqc.html
[2024-03-29 14:02:10,966] multiqc                                            [DEBUG  ]  File ignored by vep/vep_txt because it exceeded search pattern filesize limit: DV3_DNA_trimmomatic_forward_unpaired_fastqc.html
[2024-03-29 14:02:10,966] multiqc                                            [DEBUG  ]  File ignored by longranger/invocation because it exceeded search pattern filesize limit: DV3_DNA_trimmomatic_forward_unpaired_fastqc.html
[2024-03-29 14:02:11,025] multiqc                                            [DEBUG  ]  File ignored by nanostat because it exceeded search pattern filesize limit: DV3_DNA_trimmomatic_forward_unpaired_fastqc.html
[2024-03-29 14:02:11,039] multiqc                                            [DEBUG  ]  File ignored by ccs/v4 because it exceeded search pattern filesize limit: DV3_DNA_trimmomatic_reverse_paired_fastqc.html
[2024-03-29 14:02:11,044] multiqc                                            [DEBUG  ]  File ignored by hicexplorer because it exceeded search pattern filesize limit: DV3_DNA_trimmomatic_reverse_paired_fastqc.html
[2024-03-29 14:02:11,044] multiqc                                            [DEBUG  ]  File ignored by lima/summary because it exceeded search pattern filesize limit: DV3_DNA_trimmomatic_reverse_paired_fastqc.html
[2024-03-29 14:02:11,053] multiqc                                            [DEBUG  ]  File ignored by vep/vep_txt because it exceeded search pattern filesize limit: DV3_DNA_trimmomatic_reverse_paired_fastqc.html
[2024-03-29 14:02:11,054] multiqc                                            [DEBUG  ]  File ignored by longranger/invocation because it exceeded search pattern filesize limit: DV3_DNA_trimmomatic_reverse_paired_fastqc.html
[2024-03-29 14:02:11,111] multiqc                                            [DEBUG  ]  File ignored by nanostat because it exceeded search pattern filesize limit: DV3_DNA_trimmomatic_reverse_paired_fastqc.html
[2024-03-29 14:02:11,125] multiqc                                            [DEBUG  ]  File ignored by ccs/v4 because it exceeded search pattern filesize limit: DV3_DNA_trimmomatic_reverse_unpaired_fastqc.html
[2024-03-29 14:02:11,130] multiqc                                            [DEBUG  ]  File ignored by hicexplorer because it exceeded search pattern filesize limit: DV3_DNA_trimmomatic_reverse_unpaired_fastqc.html
[2024-03-29 14:02:11,131] multiqc                                            [DEBUG  ]  File ignored by lima/summary because it exceeded search pattern filesize limit: DV3_DNA_trimmomatic_reverse_unpaired_fastqc.html
[2024-03-29 14:02:11,140] multiqc                                            [DEBUG  ]  File ignored by vep/vep_txt because it exceeded search pattern filesize limit: DV3_DNA_trimmomatic_reverse_unpaired_fastqc.html
[2024-03-29 14:02:11,140] multiqc                                            [DEBUG  ]  File ignored by longranger/invocation because it exceeded search pattern filesize limit: DV3_DNA_trimmomatic_reverse_unpaired_fastqc.html
[2024-03-29 14:02:11,202] multiqc                                            [DEBUG  ]  File ignored by nanostat because it exceeded search pattern filesize limit: DV3_DNA_trimmomatic_reverse_unpaired_fastqc.html
[2024-03-29 14:02:11,657] multiqc.plots.linegraph                            [DEBUG  ]  Using matplotlib version 3.3.4
[2024-03-29 14:02:11,658] multiqc.plots.bargraph                             [DEBUG  ]  Using matplotlib version 3.3.4
[2024-03-29 14:02:11,763] multiqc.modules.fastqc.fastqc                      [INFO   ]  Found 8 reports
[2024-03-29 14:02:12,039] multiqc                                            [INFO   ]  Compressing plot data
[2024-03-29 14:02:12,210] multiqc                                            [INFO   ]  Report      : ../main_output/trim_15_min_70/multiqc_report.html
[2024-03-29 14:02:12,210] multiqc                                            [INFO   ]  Data        : ../main_output/trim_15_min_70/multiqc_data
[2024-03-29 14:02:12,210] multiqc                                            [DEBUG  ]  Moving data file from '/scratch/9229328/tmp07_v1dr0/multiqc_data' to '../main_output/trim_15_min_70/multiqc_data'
[2024-03-29 14:02:12,411] multiqc                                            [INFO   ]  MultiQC complete
