/sw/bioinfo/quast/5.0.2/rackham/bin/quast.py -o ../main_output/quast/HP126 -R ../input_data/HP126_genome.fasta -t 2 ../input_data/HP126.fasta

Version: 5.0.2

System information:
  OS: Linux-3.10.0-1160.114.2.el7.x86_64-x86_64-with-centos-7.9.2009-Core (linux_64)
  Python version: 3.7.2
  CPUs number: 16

Started: 2024-04-08 08:45:24

Logging to /domus/h1/gape9739/Genome_Analysis/data/assembly_quality/main_output/quast/HP126/quast.log

CWD: /domus/h1/gape9739/Genome_Analysis/data/assembly_quality/scripts
Main parameters: 
  MODE: default, threads: 2, minimum contig length: 500, minimum alignment length: 65, \
  ambiguity: one, threshold for extensive misassembly size: 1000

Reference:
  /domus/h1/gape9739/Genome_Analysis/data/assembly_quality/input_data/HP126_genome.fasta ==> HP126_genome

Contigs:
  Pre-processing...
  ../input_data/HP126.fasta ==> HP126

2024-04-08 08:45:33
Running Basic statistics processor...
  Reference genome:
    HP126_genome.fasta, length = 9619655, num fragments = 2, GC % = 71.93
  Contig files: 
    HP126
  Calculating N50 and L50...
    HP126, N50 = 6996028, L50 = 1, Total length = 8772056, GC % = 72.00, # N's per 100 kbp =  0.00
  Drawing Nx plot...
    saved to /domus/h1/gape9739/Genome_Analysis/data/assembly_quality/main_output/quast/HP126/basic_stats/Nx_plot.pdf
  Drawing NGx plot...
    saved to /domus/h1/gape9739/Genome_Analysis/data/assembly_quality/main_output/quast/HP126/basic_stats/NGx_plot.pdf
  Drawing cumulative plot...
    saved to /domus/h1/gape9739/Genome_Analysis/data/assembly_quality/main_output/quast/HP126/basic_stats/cumulative_plot.pdf
  Drawing GC content plot...
    saved to /domus/h1/gape9739/Genome_Analysis/data/assembly_quality/main_output/quast/HP126/basic_stats/GC_content_plot.pdf
  Drawing HP126 GC content plot...
    saved to /domus/h1/gape9739/Genome_Analysis/data/assembly_quality/main_output/quast/HP126/basic_stats/HP126_GC_content_plot.pdf
Done.

2024-04-08 08:45:38
Running Contig analyzer...
  HP126
  Logging to files /domus/h1/gape9739/Genome_Analysis/data/assembly_quality/main_output/quast/HP126/contigs_reports/contigs_report_HP126.stdout and contigs_report_HP126.stderr...
  Aligning contigs to the reference
  /sw/bioinfo/quast/5.0.2/rackham/lib/python3.7/site-packages/quast_libs/minimap2/minimap2 \
  -c -x asm5 -B5 -O4,16 --no-long-join -r 85 -N 50 -s 65 -z 200 --mask-level 0.9 --min-occ \
  200 -g 2500 --score-N 2 --cs -t 2 /domus/h1/gape9739/Genome_Analysis/data/assembly_quality/main_output/quast/HP126/quast_corrected_input/HP126_genome.fasta \
  /domus/h1/gape9739/Genome_Analysis/data/assembly_quality/main_output/quast/HP126/quast_corrected_input/HP126.fasta \
  > /domus/h1/gape9739/Genome_Analysis/data/assembly_quality/main_output/quast/HP126/contigs_reports/minimap_output/HP126.coords_tmp \
  2>> /domus/h1/gape9739/Genome_Analysis/data/assembly_quality/main_output/quast/HP126/contigs_reports/contigs_report_HP126.stderr
  Analysis is finished.

  Creating total report...
    saved to /domus/h1/gape9739/Genome_Analysis/data/assembly_quality/main_output/quast/HP126/contigs_reports/misassemblies_report.txt, misassemblies_report.tsv, and misassemblies_report.tex
  Transposed version of total report...
    saved to /domus/h1/gape9739/Genome_Analysis/data/assembly_quality/main_output/quast/HP126/contigs_reports/transposed_report_misassemblies.txt, transposed_report_misassemblies.tsv, and transposed_report_misassemblies.tex
  Creating total report...
    saved to /domus/h1/gape9739/Genome_Analysis/data/assembly_quality/main_output/quast/HP126/contigs_reports/unaligned_report.txt, unaligned_report.tsv, and unaligned_report.tex
  Drawing misassemblies by types plot...
    saved to /domus/h1/gape9739/Genome_Analysis/data/assembly_quality/main_output/quast/HP126/contigs_reports/misassemblies_plot.pdf
  Drawing misassemblies FRCurve plot...
    saved to /domus/h1/gape9739/Genome_Analysis/data/assembly_quality/main_output/quast/HP126/contigs_reports/misassemblies_frcurve_plot.pdf
Done.

2024-04-08 08:45:44
Running NA-NGA calculation...
  HP126, Largest alignment = 6996028, NA50 = 6996028, NGA50 = 6996028, LA50 = 1, LGA50 = 1
  Drawing cumulative plot...
    saved to /domus/h1/gape9739/Genome_Analysis/data/assembly_quality/main_output/quast/HP126/aligned_stats/cumulative_plot.pdf
  Drawing NAx plot...
    saved to /domus/h1/gape9739/Genome_Analysis/data/assembly_quality/main_output/quast/HP126/aligned_stats/NAx_plot.pdf
  Drawing NGAx plot...
    saved to /domus/h1/gape9739/Genome_Analysis/data/assembly_quality/main_output/quast/HP126/aligned_stats/NGAx_plot.pdf
Done.

2024-04-08 08:45:45
Running Genome analyzer...
  NOTICE: No file with genomic features were provided. Use the --features option if you want to specify it.

  NOTICE: No file with operons were provided. Use the -O option if you want to specify it.
  HP126
  Analysis is finished.
  Skipping drawing Genome fraction, % histogram... (less than 2 columns histogram makes no sense)
Done.

NOTICE: Genes are not predicted by default. Use --gene-finding or --glimmer option to enable it.

2024-04-08 08:45:49
Creating large visual summaries...
This may take a while: press Ctrl-C to skip this step..
  1 of 2: Creating Icarus viewers...
  2 of 2: Creating PDF with all tables and plots...
Done

2024-04-08 08:45:51
RESULTS:
  Text versions of total report are saved to /domus/h1/gape9739/Genome_Analysis/data/assembly_quality/main_output/quast/HP126/report.txt, report.tsv, and report.tex
  Text versions of transposed total report are saved to /domus/h1/gape9739/Genome_Analysis/data/assembly_quality/main_output/quast/HP126/transposed_report.txt, transposed_report.tsv, and transposed_report.tex
  HTML version (interactive tables and plots) is saved to /domus/h1/gape9739/Genome_Analysis/data/assembly_quality/main_output/quast/HP126/report.html
  PDF version (tables and plots) is saved to /domus/h1/gape9739/Genome_Analysis/data/assembly_quality/main_output/quast/HP126/report.pdf
  Icarus (contig browser) is saved to /domus/h1/gape9739/Genome_Analysis/data/assembly_quality/main_output/quast/HP126/icarus.html
  Log is saved to /domus/h1/gape9739/Genome_Analysis/data/assembly_quality/main_output/quast/HP126/quast.log

Finished: 2024-04-08 08:45:51
Elapsed time: 0:00:27.147483
NOTICEs: 3; WARNINGs: 0; non-fatal ERRORs: 0

Thank you for using QUAST!
