/sw/bioinfo/quast/5.0.2/rackham/bin/quast.py -o ../main_output/quast/DV3 -R ../input_data/DV3_genome.fasta -t 2 ../input_data/DV3.fasta

Version: 5.0.2

System information:
  OS: Linux-3.10.0-1160.114.2.el7.x86_64-x86_64-with-centos-7.9.2009-Core (linux_64)
  Python version: 3.7.2
  CPUs number: 16

Started: 2024-04-08 08:45:51

Logging to /domus/h1/gape9739/Genome_Analysis/data/assembly_quality/main_output/quast/DV3/quast.log

CWD: /domus/h1/gape9739/Genome_Analysis/data/assembly_quality/scripts
Main parameters: 
  MODE: default, threads: 2, minimum contig length: 500, minimum alignment length: 65, \
  ambiguity: one, threshold for extensive misassembly size: 1000

Reference:
  /domus/h1/gape9739/Genome_Analysis/data/assembly_quality/input_data/DV3_genome.fasta ==> DV3_genome

Contigs:
  Pre-processing...
  ../input_data/DV3.fasta ==> DV3

2024-04-08 08:45:53
Running Basic statistics processor...
  Reference genome:
    DV3_genome.fasta, length = 10838897, num fragments = 2, GC % = 72.03
  Contig files: 
    DV3
  Calculating N50 and L50...
    DV3, N50 = 7007906, L50 = 1, Total length = 8783868, GC % = 72.00, # N's per 100 kbp =  0.00
  Drawing Nx plot...
    saved to /domus/h1/gape9739/Genome_Analysis/data/assembly_quality/main_output/quast/DV3/basic_stats/Nx_plot.pdf
  Drawing NGx plot...
    saved to /domus/h1/gape9739/Genome_Analysis/data/assembly_quality/main_output/quast/DV3/basic_stats/NGx_plot.pdf
  Drawing cumulative plot...
    saved to /domus/h1/gape9739/Genome_Analysis/data/assembly_quality/main_output/quast/DV3/basic_stats/cumulative_plot.pdf
  Drawing GC content plot...
    saved to /domus/h1/gape9739/Genome_Analysis/data/assembly_quality/main_output/quast/DV3/basic_stats/GC_content_plot.pdf
  Drawing DV3 GC content plot...
    saved to /domus/h1/gape9739/Genome_Analysis/data/assembly_quality/main_output/quast/DV3/basic_stats/DV3_GC_content_plot.pdf
Done.

2024-04-08 08:45:56
Running Contig analyzer...
  DV3
  Logging to files /domus/h1/gape9739/Genome_Analysis/data/assembly_quality/main_output/quast/DV3/contigs_reports/contigs_report_DV3.stdout and contigs_report_DV3.stderr...
  Aligning contigs to the reference
  /sw/bioinfo/quast/5.0.2/rackham/lib/python3.7/site-packages/quast_libs/minimap2/minimap2 \
  -c -x asm5 -B5 -O4,16 --no-long-join -r 85 -N 50 -s 65 -z 200 --mask-level 0.9 --min-occ \
  200 -g 2500 --score-N 2 --cs -t 2 /domus/h1/gape9739/Genome_Analysis/data/assembly_quality/main_output/quast/DV3/quast_corrected_input/DV3_genome.fasta \
  /domus/h1/gape9739/Genome_Analysis/data/assembly_quality/main_output/quast/DV3/quast_corrected_input/DV3.fasta \
  > /domus/h1/gape9739/Genome_Analysis/data/assembly_quality/main_output/quast/DV3/contigs_reports/minimap_output/DV3.coords_tmp \
  2>> /domus/h1/gape9739/Genome_Analysis/data/assembly_quality/main_output/quast/DV3/contigs_reports/contigs_report_DV3.stderr
  Analysis is finished.

  Creating total report...
    saved to /domus/h1/gape9739/Genome_Analysis/data/assembly_quality/main_output/quast/DV3/contigs_reports/misassemblies_report.txt, misassemblies_report.tsv, and misassemblies_report.tex
  Transposed version of total report...
    saved to /domus/h1/gape9739/Genome_Analysis/data/assembly_quality/main_output/quast/DV3/contigs_reports/transposed_report_misassemblies.txt, transposed_report_misassemblies.tsv, and transposed_report_misassemblies.tex
  Creating total report...
    saved to /domus/h1/gape9739/Genome_Analysis/data/assembly_quality/main_output/quast/DV3/contigs_reports/unaligned_report.txt, unaligned_report.tsv, and unaligned_report.tex
  Drawing misassemblies by types plot...
    saved to /domus/h1/gape9739/Genome_Analysis/data/assembly_quality/main_output/quast/DV3/contigs_reports/misassemblies_plot.pdf
  Drawing misassemblies FRCurve plot...
    saved to /domus/h1/gape9739/Genome_Analysis/data/assembly_quality/main_output/quast/DV3/contigs_reports/misassemblies_frcurve_plot.pdf
Done.

2024-04-08 08:46:02
Running NA-NGA calculation...
  DV3, Largest alignment = 7007906, NA50 = 7007906, NGA50 = 7007906, LA50 = 1, LGA50 = 1
  Drawing cumulative plot...
    saved to /domus/h1/gape9739/Genome_Analysis/data/assembly_quality/main_output/quast/DV3/aligned_stats/cumulative_plot.pdf
  Drawing NAx plot...
    saved to /domus/h1/gape9739/Genome_Analysis/data/assembly_quality/main_output/quast/DV3/aligned_stats/NAx_plot.pdf
  Drawing NGAx plot...
    saved to /domus/h1/gape9739/Genome_Analysis/data/assembly_quality/main_output/quast/DV3/aligned_stats/NGAx_plot.pdf
Done.

2024-04-08 08:46:04
Running Genome analyzer...
  NOTICE: No file with genomic features were provided. Use the --features option if you want to specify it.

  NOTICE: No file with operons were provided. Use the -O option if you want to specify it.
  DV3
  Analysis is finished.
  Skipping drawing Genome fraction, % histogram... (less than 2 columns histogram makes no sense)
Done.

NOTICE: Genes are not predicted by default. Use --gene-finding or --glimmer option to enable it.

2024-04-08 08:46:08
Creating large visual summaries...
This may take a while: press Ctrl-C to skip this step..
  1 of 2: Creating Icarus viewers...
  2 of 2: Creating PDF with all tables and plots...
Done

2024-04-08 08:46:10
RESULTS:
  Text versions of total report are saved to /domus/h1/gape9739/Genome_Analysis/data/assembly_quality/main_output/quast/DV3/report.txt, report.tsv, and report.tex
  Text versions of transposed total report are saved to /domus/h1/gape9739/Genome_Analysis/data/assembly_quality/main_output/quast/DV3/transposed_report.txt, transposed_report.tsv, and transposed_report.tex
  HTML version (interactive tables and plots) is saved to /domus/h1/gape9739/Genome_Analysis/data/assembly_quality/main_output/quast/DV3/report.html
  PDF version (tables and plots) is saved to /domus/h1/gape9739/Genome_Analysis/data/assembly_quality/main_output/quast/DV3/report.pdf
  Icarus (contig browser) is saved to /domus/h1/gape9739/Genome_Analysis/data/assembly_quality/main_output/quast/DV3/icarus.html
  Log is saved to /domus/h1/gape9739/Genome_Analysis/data/assembly_quality/main_output/quast/DV3/quast.log

Finished: 2024-04-08 08:46:10
Elapsed time: 0:00:18.430022
NOTICEs: 3; WARNINGs: 0; non-fatal ERRORs: 0

Thank you for using QUAST!
