[2024-03-29 14:12:16,410] multiqc                                            [DEBUG  ]  This is MultiQC v1.12
[2024-03-29 14:12:16,410] multiqc                                            [DEBUG  ]  No MultiQC config found: /sw/bioinfo/MultiQC/1.12/rackham/lib/python3.8/site-packages/multiqc_config.yaml
[2024-03-29 14:12:16,410] multiqc                                            [DEBUG  ]  No MultiQC config found: /home/gape9739/.multiqc_config.yaml
[2024-03-29 14:12:16,410] multiqc                                            [DEBUG  ]  No MultiQC config found: multiqc_config.yaml
[2024-03-29 14:12:16,410] multiqc                                            [DEBUG  ]  Command used: /sw/bioinfo/MultiQC/1.12/rackham/bin/multiqc ../main_output/trim_20_min_290 -o ../main_output/trim_20_min_290 -f
[2024-03-29 14:12:16,868] multiqc                                            [WARNING]  MultiQC Version v1.21 now available!
[2024-03-29 14:12:16,868] multiqc                                            [DEBUG  ]  Command     : /sw/bioinfo/MultiQC/1.12/rackham/bin/multiqc ../main_output/trim_20_min_290 -o ../main_output/trim_20_min_290 -f
[2024-03-29 14:12:16,868] multiqc                                            [DEBUG  ]  Working dir : /domus/h1/gape9739/Genome_Analysis/data/fastqc/scripts
[2024-03-29 14:12:16,868] multiqc                                            [DEBUG  ]  Template    : default
[2024-03-29 14:12:16,869] multiqc                                            [DEBUG  ]  Running Python 3.8.7 (default, Feb  1 2021, 11:54:01)  [GCC 8.3.0]
[2024-03-29 14:12:16,869] multiqc                                            [DEBUG  ]  Analysing modules: custom_content, ccs, ngsderive, purple, conpair, lima, peddy, somalier, methylQA, mosdepth, phantompeakqualtools, qualimap, preseq, quast, qorts, rna_seqc, rockhopper, rsem, rseqc, busco, bustools, goleft_indexcov, gffcompare, disambiguate, supernova, deeptools, sargasso, verifybamid, mirtrace, happy, mirtop, sambamba, homer, hops, macs2, theta2, snpeff, gatk, htseq, bcftools, featureCounts, fgbio, dragen, dedup, pbmarkdup, damageprofiler, biobambam2, jcvi, mtnucratio, picard, vep, sentieon, prokka, qc3C, nanostat, samblaster, samtools, sexdeterrmine, eigenstratdatabasetools, bamtools, jellyfish, vcftools, longranger, stacks, varscan2, snippy, bbmap, bismark, biscuit, hicexplorer, hicup, hicpro, salmon, kallisto, slamdunk, star, hisat2, tophat, bowtie2, bowtie1, snpsplit, odgi, pangolin, kat, leehom, adapterRemoval, clipandmerge, cutadapt, flexbar, kaiju, kraken, malt, trimmomatic, sickle, skewer, sortmerna, biobloomtools, fastq_screen, afterqc, fastp, fastqc, pychopper, pycoqc, minionqc, multivcfanalyzer, clusterflow, checkqc, bcl2fastq, bclconvert, interop, ivar, flash, seqyclean, optitype, whatshap
[2024-03-29 14:12:16,869] multiqc                                            [DEBUG  ]  Using temporary directory for creating report: /scratch/9229330/tmpyjkn8y8c
[2024-03-29 14:12:17,046] multiqc                                            [INFO   ]  Search path : /domus/h1/gape9739/Genome_Analysis/data/fastqc/main_output/trim_20_min_290
[2024-03-29 14:12:17,096] multiqc                                            [DEBUG  ]  File ignored by ccs/v4 because it exceeded search pattern filesize limit: DV3_DNA_trimmomatic_reverse_unpaired_fastqc.html
[2024-03-29 14:12:17,101] multiqc                                            [DEBUG  ]  File ignored by hicexplorer because it exceeded search pattern filesize limit: DV3_DNA_trimmomatic_reverse_unpaired_fastqc.html
[2024-03-29 14:12:17,101] multiqc                                            [DEBUG  ]  File ignored by lima/summary because it exceeded search pattern filesize limit: DV3_DNA_trimmomatic_reverse_unpaired_fastqc.html
[2024-03-29 14:12:17,111] multiqc                                            [DEBUG  ]  File ignored by vep/vep_txt because it exceeded search pattern filesize limit: DV3_DNA_trimmomatic_reverse_unpaired_fastqc.html
[2024-03-29 14:12:17,111] multiqc                                            [DEBUG  ]  File ignored by longranger/invocation because it exceeded search pattern filesize limit: DV3_DNA_trimmomatic_reverse_unpaired_fastqc.html
[2024-03-29 14:12:17,185] multiqc                                            [DEBUG  ]  File ignored by nanostat because it exceeded search pattern filesize limit: DV3_DNA_trimmomatic_reverse_unpaired_fastqc.html
[2024-03-29 14:12:17,201] multiqc                                            [DEBUG  ]  File ignored by ccs/v4 because it exceeded search pattern filesize limit: HP126_DNA_trimmomatic_forward_paired_fastqc.html
[2024-03-29 14:12:17,206] multiqc                                            [DEBUG  ]  File ignored by hicexplorer because it exceeded search pattern filesize limit: HP126_DNA_trimmomatic_forward_paired_fastqc.html
[2024-03-29 14:12:17,206] multiqc                                            [DEBUG  ]  File ignored by lima/summary because it exceeded search pattern filesize limit: HP126_DNA_trimmomatic_forward_paired_fastqc.html
[2024-03-29 14:12:17,215] multiqc                                            [DEBUG  ]  File ignored by vep/vep_txt because it exceeded search pattern filesize limit: HP126_DNA_trimmomatic_forward_paired_fastqc.html
[2024-03-29 14:12:17,215] multiqc                                            [DEBUG  ]  File ignored by longranger/invocation because it exceeded search pattern filesize limit: HP126_DNA_trimmomatic_forward_paired_fastqc.html
[2024-03-29 14:12:17,269] multiqc                                            [DEBUG  ]  File ignored by nanostat because it exceeded search pattern filesize limit: HP126_DNA_trimmomatic_forward_paired_fastqc.html
[2024-03-29 14:12:17,283] multiqc                                            [DEBUG  ]  File ignored by ccs/v4 because it exceeded search pattern filesize limit: HP126_DNA_trimmomatic_forward_unpaired_fastqc.html
[2024-03-29 14:12:17,288] multiqc                                            [DEBUG  ]  File ignored by hicexplorer because it exceeded search pattern filesize limit: HP126_DNA_trimmomatic_forward_unpaired_fastqc.html
[2024-03-29 14:12:17,288] multiqc                                            [DEBUG  ]  File ignored by lima/summary because it exceeded search pattern filesize limit: HP126_DNA_trimmomatic_forward_unpaired_fastqc.html
[2024-03-29 14:12:17,297] multiqc                                            [DEBUG  ]  File ignored by vep/vep_txt because it exceeded search pattern filesize limit: HP126_DNA_trimmomatic_forward_unpaired_fastqc.html
[2024-03-29 14:12:17,297] multiqc                                            [DEBUG  ]  File ignored by longranger/invocation because it exceeded search pattern filesize limit: HP126_DNA_trimmomatic_forward_unpaired_fastqc.html
[2024-03-29 14:12:17,351] multiqc                                            [DEBUG  ]  File ignored by nanostat because it exceeded search pattern filesize limit: HP126_DNA_trimmomatic_forward_unpaired_fastqc.html
[2024-03-29 14:12:17,365] multiqc                                            [DEBUG  ]  File ignored by ccs/v4 because it exceeded search pattern filesize limit: HP126_DNA_trimmomatic_reverse_paired_fastqc.html
[2024-03-29 14:12:17,370] multiqc                                            [DEBUG  ]  File ignored by hicexplorer because it exceeded search pattern filesize limit: HP126_DNA_trimmomatic_reverse_paired_fastqc.html
[2024-03-29 14:12:17,371] multiqc                                            [DEBUG  ]  File ignored by lima/summary because it exceeded search pattern filesize limit: HP126_DNA_trimmomatic_reverse_paired_fastqc.html
[2024-03-29 14:12:17,379] multiqc                                            [DEBUG  ]  File ignored by vep/vep_txt because it exceeded search pattern filesize limit: HP126_DNA_trimmomatic_reverse_paired_fastqc.html
[2024-03-29 14:12:17,380] multiqc                                            [DEBUG  ]  File ignored by longranger/invocation because it exceeded search pattern filesize limit: HP126_DNA_trimmomatic_reverse_paired_fastqc.html
[2024-03-29 14:12:17,436] multiqc                                            [DEBUG  ]  File ignored by nanostat because it exceeded search pattern filesize limit: HP126_DNA_trimmomatic_reverse_paired_fastqc.html
[2024-03-29 14:12:17,450] multiqc                                            [DEBUG  ]  File ignored by ccs/v4 because it exceeded search pattern filesize limit: HP126_DNA_trimmomatic_reverse_unpaired_fastqc.html
[2024-03-29 14:12:17,455] multiqc                                            [DEBUG  ]  File ignored by hicexplorer because it exceeded search pattern filesize limit: HP126_DNA_trimmomatic_reverse_unpaired_fastqc.html
[2024-03-29 14:12:17,455] multiqc                                            [DEBUG  ]  File ignored by lima/summary because it exceeded search pattern filesize limit: HP126_DNA_trimmomatic_reverse_unpaired_fastqc.html
[2024-03-29 14:12:17,465] multiqc                                            [DEBUG  ]  File ignored by vep/vep_txt because it exceeded search pattern filesize limit: HP126_DNA_trimmomatic_reverse_unpaired_fastqc.html
[2024-03-29 14:12:17,465] multiqc                                            [DEBUG  ]  File ignored by longranger/invocation because it exceeded search pattern filesize limit: HP126_DNA_trimmomatic_reverse_unpaired_fastqc.html
[2024-03-29 14:12:17,525] multiqc                                            [DEBUG  ]  File ignored by nanostat because it exceeded search pattern filesize limit: HP126_DNA_trimmomatic_reverse_unpaired_fastqc.html
[2024-03-29 14:12:17,539] multiqc                                            [DEBUG  ]  File ignored by ccs/v4 because it exceeded search pattern filesize limit: DV3_DNA_trimmomatic_forward_paired_fastqc.html
[2024-03-29 14:12:17,544] multiqc                                            [DEBUG  ]  File ignored by hicexplorer because it exceeded search pattern filesize limit: DV3_DNA_trimmomatic_forward_paired_fastqc.html
[2024-03-29 14:12:17,545] multiqc                                            [DEBUG  ]  File ignored by lima/summary because it exceeded search pattern filesize limit: DV3_DNA_trimmomatic_forward_paired_fastqc.html
[2024-03-29 14:12:17,554] multiqc                                            [DEBUG  ]  File ignored by vep/vep_txt because it exceeded search pattern filesize limit: DV3_DNA_trimmomatic_forward_paired_fastqc.html
[2024-03-29 14:12:17,554] multiqc                                            [DEBUG  ]  File ignored by longranger/invocation because it exceeded search pattern filesize limit: DV3_DNA_trimmomatic_forward_paired_fastqc.html
[2024-03-29 14:12:17,607] multiqc                                            [DEBUG  ]  File ignored by nanostat because it exceeded search pattern filesize limit: DV3_DNA_trimmomatic_forward_paired_fastqc.html
[2024-03-29 14:12:17,620] multiqc                                            [DEBUG  ]  File ignored by ccs/v4 because it exceeded search pattern filesize limit: DV3_DNA_trimmomatic_forward_unpaired_fastqc.html
[2024-03-29 14:12:17,625] multiqc                                            [DEBUG  ]  File ignored by hicexplorer because it exceeded search pattern filesize limit: DV3_DNA_trimmomatic_forward_unpaired_fastqc.html
[2024-03-29 14:12:17,626] multiqc                                            [DEBUG  ]  File ignored by lima/summary because it exceeded search pattern filesize limit: DV3_DNA_trimmomatic_forward_unpaired_fastqc.html
[2024-03-29 14:12:17,634] multiqc                                            [DEBUG  ]  File ignored by vep/vep_txt because it exceeded search pattern filesize limit: DV3_DNA_trimmomatic_forward_unpaired_fastqc.html
[2024-03-29 14:12:17,635] multiqc                                            [DEBUG  ]  File ignored by longranger/invocation because it exceeded search pattern filesize limit: DV3_DNA_trimmomatic_forward_unpaired_fastqc.html
[2024-03-29 14:12:17,689] multiqc                                            [DEBUG  ]  File ignored by nanostat because it exceeded search pattern filesize limit: DV3_DNA_trimmomatic_forward_unpaired_fastqc.html
[2024-03-29 14:12:17,703] multiqc                                            [DEBUG  ]  File ignored by ccs/v4 because it exceeded search pattern filesize limit: DV3_DNA_trimmomatic_reverse_paired_fastqc.html
[2024-03-29 14:12:17,708] multiqc                                            [DEBUG  ]  File ignored by hicexplorer because it exceeded search pattern filesize limit: DV3_DNA_trimmomatic_reverse_paired_fastqc.html
[2024-03-29 14:12:17,708] multiqc                                            [DEBUG  ]  File ignored by lima/summary because it exceeded search pattern filesize limit: DV3_DNA_trimmomatic_reverse_paired_fastqc.html
[2024-03-29 14:12:17,717] multiqc                                            [DEBUG  ]  File ignored by vep/vep_txt because it exceeded search pattern filesize limit: DV3_DNA_trimmomatic_reverse_paired_fastqc.html
[2024-03-29 14:12:17,717] multiqc                                            [DEBUG  ]  File ignored by longranger/invocation because it exceeded search pattern filesize limit: DV3_DNA_trimmomatic_reverse_paired_fastqc.html
[2024-03-29 14:12:17,774] multiqc                                            [DEBUG  ]  File ignored by nanostat because it exceeded search pattern filesize limit: DV3_DNA_trimmomatic_reverse_paired_fastqc.html
[2024-03-29 14:12:18,213] multiqc.plots.linegraph                            [DEBUG  ]  Using matplotlib version 3.3.4
[2024-03-29 14:12:18,214] multiqc.plots.bargraph                             [DEBUG  ]  Using matplotlib version 3.3.4
[2024-03-29 14:12:18,322] multiqc.modules.fastqc.fastqc                      [INFO   ]  Found 8 reports
[2024-03-29 14:12:18,598] multiqc                                            [INFO   ]  Compressing plot data
[2024-03-29 14:12:18,750] multiqc                                            [INFO   ]  Report      : ../main_output/trim_20_min_290/multiqc_report.html
[2024-03-29 14:12:18,751] multiqc                                            [INFO   ]  Data        : ../main_output/trim_20_min_290/multiqc_data
[2024-03-29 14:12:18,751] multiqc                                            [DEBUG  ]  Moving data file from '/scratch/9229330/tmpyjkn8y8c/multiqc_data' to '../main_output/trim_20_min_290/multiqc_data'
[2024-03-29 14:12:18,949] multiqc                                            [INFO   ]  MultiQC complete
