[2024-03-29 10:57:58,511] multiqc                                            [DEBUG  ]  This is MultiQC v1.12
[2024-03-29 10:57:58,512] multiqc                                            [DEBUG  ]  No MultiQC config found: /sw/bioinfo/MultiQC/1.12/rackham/lib/python3.8/site-packages/multiqc_config.yaml
[2024-03-29 10:57:58,512] multiqc                                            [DEBUG  ]  No MultiQC config found: /home/gape9739/.multiqc_config.yaml
[2024-03-29 10:57:58,512] multiqc                                            [DEBUG  ]  No MultiQC config found: multiqc_config.yaml
[2024-03-29 10:57:58,512] multiqc                                            [DEBUG  ]  Command used: /sw/bioinfo/MultiQC/1.12/rackham/bin/multiqc ../main_output/trim_20_min_200 -o ../main_output/trim_20_min_200 -f
[2024-03-29 10:57:58,954] multiqc                                            [WARNING]  MultiQC Version v1.21 now available!
[2024-03-29 10:57:58,954] multiqc                                            [DEBUG  ]  Command     : /sw/bioinfo/MultiQC/1.12/rackham/bin/multiqc ../main_output/trim_20_min_200 -o ../main_output/trim_20_min_200 -f
[2024-03-29 10:57:58,954] multiqc                                            [DEBUG  ]  Working dir : /domus/h1/gape9739/Genome_Analysis/data/fastqc/scripts
[2024-03-29 10:57:58,954] multiqc                                            [DEBUG  ]  Template    : default
[2024-03-29 10:57:58,955] multiqc                                            [DEBUG  ]  Running Python 3.8.7 (default, Feb  1 2021, 11:54:01)  [GCC 8.3.0]
[2024-03-29 10:57:58,955] multiqc                                            [DEBUG  ]  Analysing modules: custom_content, ccs, ngsderive, purple, conpair, lima, peddy, somalier, methylQA, mosdepth, phantompeakqualtools, qualimap, preseq, quast, qorts, rna_seqc, rockhopper, rsem, rseqc, busco, bustools, goleft_indexcov, gffcompare, disambiguate, supernova, deeptools, sargasso, verifybamid, mirtrace, happy, mirtop, sambamba, homer, hops, macs2, theta2, snpeff, gatk, htseq, bcftools, featureCounts, fgbio, dragen, dedup, pbmarkdup, damageprofiler, biobambam2, jcvi, mtnucratio, picard, vep, sentieon, prokka, qc3C, nanostat, samblaster, samtools, sexdeterrmine, eigenstratdatabasetools, bamtools, jellyfish, vcftools, longranger, stacks, varscan2, snippy, bbmap, bismark, biscuit, hicexplorer, hicup, hicpro, salmon, kallisto, slamdunk, star, hisat2, tophat, bowtie2, bowtie1, snpsplit, odgi, pangolin, kat, leehom, adapterRemoval, clipandmerge, cutadapt, flexbar, kaiju, kraken, malt, trimmomatic, sickle, skewer, sortmerna, biobloomtools, fastq_screen, afterqc, fastp, fastqc, pychopper, pycoqc, minionqc, multivcfanalyzer, clusterflow, checkqc, bcl2fastq, bclconvert, interop, ivar, flash, seqyclean, optitype, whatshap
[2024-03-29 10:57:58,955] multiqc                                            [DEBUG  ]  Using temporary directory for creating report: /scratch/9229323/tmp5dytgx_q
[2024-03-29 10:57:59,134] multiqc                                            [INFO   ]  Search path : /domus/h1/gape9739/Genome_Analysis/data/fastqc/main_output/trim_20_min_200
[2024-03-29 10:57:59,183] multiqc                                            [DEBUG  ]  File ignored by ccs/v4 because it exceeded search pattern filesize limit: HP126_DNA_trimmomatic_reverse_unpaired_fastqc.html
[2024-03-29 10:57:59,189] multiqc                                            [DEBUG  ]  File ignored by hicexplorer because it exceeded search pattern filesize limit: HP126_DNA_trimmomatic_reverse_unpaired_fastqc.html
[2024-03-29 10:57:59,189] multiqc                                            [DEBUG  ]  File ignored by lima/summary because it exceeded search pattern filesize limit: HP126_DNA_trimmomatic_reverse_unpaired_fastqc.html
[2024-03-29 10:57:59,200] multiqc                                            [DEBUG  ]  File ignored by vep/vep_txt because it exceeded search pattern filesize limit: HP126_DNA_trimmomatic_reverse_unpaired_fastqc.html
[2024-03-29 10:57:59,200] multiqc                                            [DEBUG  ]  File ignored by longranger/invocation because it exceeded search pattern filesize limit: HP126_DNA_trimmomatic_reverse_unpaired_fastqc.html
[2024-03-29 10:57:59,260] multiqc                                            [DEBUG  ]  File ignored by nanostat because it exceeded search pattern filesize limit: HP126_DNA_trimmomatic_reverse_unpaired_fastqc.html
[2024-03-29 10:57:59,276] multiqc                                            [DEBUG  ]  File ignored by ccs/v4 because it exceeded search pattern filesize limit: DV3_DNA_trimmomatic_forward_paired_fastqc.html
[2024-03-29 10:57:59,281] multiqc                                            [DEBUG  ]  File ignored by hicexplorer because it exceeded search pattern filesize limit: DV3_DNA_trimmomatic_forward_paired_fastqc.html
[2024-03-29 10:57:59,282] multiqc                                            [DEBUG  ]  File ignored by lima/summary because it exceeded search pattern filesize limit: DV3_DNA_trimmomatic_forward_paired_fastqc.html
[2024-03-29 10:57:59,291] multiqc                                            [DEBUG  ]  File ignored by vep/vep_txt because it exceeded search pattern filesize limit: DV3_DNA_trimmomatic_forward_paired_fastqc.html
[2024-03-29 10:57:59,291] multiqc                                            [DEBUG  ]  File ignored by longranger/invocation because it exceeded search pattern filesize limit: DV3_DNA_trimmomatic_forward_paired_fastqc.html
[2024-03-29 10:57:59,345] multiqc                                            [DEBUG  ]  File ignored by nanostat because it exceeded search pattern filesize limit: DV3_DNA_trimmomatic_forward_paired_fastqc.html
[2024-03-29 10:57:59,359] multiqc                                            [DEBUG  ]  File ignored by ccs/v4 because it exceeded search pattern filesize limit: DV3_DNA_trimmomatic_forward_unpaired_fastqc.html
[2024-03-29 10:57:59,364] multiqc                                            [DEBUG  ]  File ignored by hicexplorer because it exceeded search pattern filesize limit: DV3_DNA_trimmomatic_forward_unpaired_fastqc.html
[2024-03-29 10:57:59,364] multiqc                                            [DEBUG  ]  File ignored by lima/summary because it exceeded search pattern filesize limit: DV3_DNA_trimmomatic_forward_unpaired_fastqc.html
[2024-03-29 10:57:59,373] multiqc                                            [DEBUG  ]  File ignored by vep/vep_txt because it exceeded search pattern filesize limit: DV3_DNA_trimmomatic_forward_unpaired_fastqc.html
[2024-03-29 10:57:59,374] multiqc                                            [DEBUG  ]  File ignored by longranger/invocation because it exceeded search pattern filesize limit: DV3_DNA_trimmomatic_forward_unpaired_fastqc.html
[2024-03-29 10:57:59,427] multiqc                                            [DEBUG  ]  File ignored by nanostat because it exceeded search pattern filesize limit: DV3_DNA_trimmomatic_forward_unpaired_fastqc.html
[2024-03-29 10:57:59,441] multiqc                                            [DEBUG  ]  File ignored by ccs/v4 because it exceeded search pattern filesize limit: DV3_DNA_trimmomatic_reverse_paired_fastqc.html
[2024-03-29 10:57:59,446] multiqc                                            [DEBUG  ]  File ignored by hicexplorer because it exceeded search pattern filesize limit: DV3_DNA_trimmomatic_reverse_paired_fastqc.html
[2024-03-29 10:57:59,447] multiqc                                            [DEBUG  ]  File ignored by lima/summary because it exceeded search pattern filesize limit: DV3_DNA_trimmomatic_reverse_paired_fastqc.html
[2024-03-29 10:57:59,456] multiqc                                            [DEBUG  ]  File ignored by vep/vep_txt because it exceeded search pattern filesize limit: DV3_DNA_trimmomatic_reverse_paired_fastqc.html
[2024-03-29 10:57:59,456] multiqc                                            [DEBUG  ]  File ignored by longranger/invocation because it exceeded search pattern filesize limit: DV3_DNA_trimmomatic_reverse_paired_fastqc.html
[2024-03-29 10:57:59,512] multiqc                                            [DEBUG  ]  File ignored by nanostat because it exceeded search pattern filesize limit: DV3_DNA_trimmomatic_reverse_paired_fastqc.html
[2024-03-29 10:57:59,526] multiqc                                            [DEBUG  ]  File ignored by ccs/v4 because it exceeded search pattern filesize limit: DV3_DNA_trimmomatic_reverse_unpaired_fastqc.html
[2024-03-29 10:57:59,531] multiqc                                            [DEBUG  ]  File ignored by hicexplorer because it exceeded search pattern filesize limit: DV3_DNA_trimmomatic_reverse_unpaired_fastqc.html
[2024-03-29 10:57:59,532] multiqc                                            [DEBUG  ]  File ignored by lima/summary because it exceeded search pattern filesize limit: DV3_DNA_trimmomatic_reverse_unpaired_fastqc.html
[2024-03-29 10:57:59,541] multiqc                                            [DEBUG  ]  File ignored by vep/vep_txt because it exceeded search pattern filesize limit: DV3_DNA_trimmomatic_reverse_unpaired_fastqc.html
[2024-03-29 10:57:59,541] multiqc                                            [DEBUG  ]  File ignored by longranger/invocation because it exceeded search pattern filesize limit: DV3_DNA_trimmomatic_reverse_unpaired_fastqc.html
[2024-03-29 10:57:59,600] multiqc                                            [DEBUG  ]  File ignored by nanostat because it exceeded search pattern filesize limit: DV3_DNA_trimmomatic_reverse_unpaired_fastqc.html
[2024-03-29 10:57:59,614] multiqc                                            [DEBUG  ]  File ignored by ccs/v4 because it exceeded search pattern filesize limit: HP126_DNA_trimmomatic_forward_paired_fastqc.html
[2024-03-29 10:57:59,619] multiqc                                            [DEBUG  ]  File ignored by hicexplorer because it exceeded search pattern filesize limit: HP126_DNA_trimmomatic_forward_paired_fastqc.html
[2024-03-29 10:57:59,619] multiqc                                            [DEBUG  ]  File ignored by lima/summary because it exceeded search pattern filesize limit: HP126_DNA_trimmomatic_forward_paired_fastqc.html
[2024-03-29 10:57:59,628] multiqc                                            [DEBUG  ]  File ignored by vep/vep_txt because it exceeded search pattern filesize limit: HP126_DNA_trimmomatic_forward_paired_fastqc.html
[2024-03-29 10:57:59,629] multiqc                                            [DEBUG  ]  File ignored by longranger/invocation because it exceeded search pattern filesize limit: HP126_DNA_trimmomatic_forward_paired_fastqc.html
[2024-03-29 10:57:59,681] multiqc                                            [DEBUG  ]  File ignored by nanostat because it exceeded search pattern filesize limit: HP126_DNA_trimmomatic_forward_paired_fastqc.html
[2024-03-29 10:57:59,695] multiqc                                            [DEBUG  ]  File ignored by ccs/v4 because it exceeded search pattern filesize limit: HP126_DNA_trimmomatic_forward_unpaired_fastqc.html
[2024-03-29 10:57:59,700] multiqc                                            [DEBUG  ]  File ignored by hicexplorer because it exceeded search pattern filesize limit: HP126_DNA_trimmomatic_forward_unpaired_fastqc.html
[2024-03-29 10:57:59,701] multiqc                                            [DEBUG  ]  File ignored by lima/summary because it exceeded search pattern filesize limit: HP126_DNA_trimmomatic_forward_unpaired_fastqc.html
[2024-03-29 10:57:59,710] multiqc                                            [DEBUG  ]  File ignored by vep/vep_txt because it exceeded search pattern filesize limit: HP126_DNA_trimmomatic_forward_unpaired_fastqc.html
[2024-03-29 10:57:59,710] multiqc                                            [DEBUG  ]  File ignored by longranger/invocation because it exceeded search pattern filesize limit: HP126_DNA_trimmomatic_forward_unpaired_fastqc.html
[2024-03-29 10:57:59,763] multiqc                                            [DEBUG  ]  File ignored by nanostat because it exceeded search pattern filesize limit: HP126_DNA_trimmomatic_forward_unpaired_fastqc.html
[2024-03-29 10:57:59,777] multiqc                                            [DEBUG  ]  File ignored by ccs/v4 because it exceeded search pattern filesize limit: HP126_DNA_trimmomatic_reverse_paired_fastqc.html
[2024-03-29 10:57:59,782] multiqc                                            [DEBUG  ]  File ignored by hicexplorer because it exceeded search pattern filesize limit: HP126_DNA_trimmomatic_reverse_paired_fastqc.html
[2024-03-29 10:57:59,783] multiqc                                            [DEBUG  ]  File ignored by lima/summary because it exceeded search pattern filesize limit: HP126_DNA_trimmomatic_reverse_paired_fastqc.html
[2024-03-29 10:57:59,792] multiqc                                            [DEBUG  ]  File ignored by vep/vep_txt because it exceeded search pattern filesize limit: HP126_DNA_trimmomatic_reverse_paired_fastqc.html
[2024-03-29 10:57:59,792] multiqc                                            [DEBUG  ]  File ignored by longranger/invocation because it exceeded search pattern filesize limit: HP126_DNA_trimmomatic_reverse_paired_fastqc.html
[2024-03-29 10:57:59,849] multiqc                                            [DEBUG  ]  File ignored by nanostat because it exceeded search pattern filesize limit: HP126_DNA_trimmomatic_reverse_paired_fastqc.html
[2024-03-29 10:58:00,288] multiqc.plots.linegraph                            [DEBUG  ]  Using matplotlib version 3.3.4
[2024-03-29 10:58:00,290] multiqc.plots.bargraph                             [DEBUG  ]  Using matplotlib version 3.3.4
[2024-03-29 10:58:00,390] multiqc.modules.fastqc.fastqc                      [INFO   ]  Found 8 reports
[2024-03-29 10:58:00,664] multiqc                                            [INFO   ]  Compressing plot data
[2024-03-29 10:58:00,820] multiqc                                            [INFO   ]  Report      : ../main_output/trim_20_min_200/multiqc_report.html
[2024-03-29 10:58:00,820] multiqc                                            [INFO   ]  Data        : ../main_output/trim_20_min_200/multiqc_data
[2024-03-29 10:58:00,821] multiqc                                            [DEBUG  ]  Moving data file from '/scratch/9229323/tmp5dytgx_q/multiqc_data' to '../main_output/trim_20_min_200/multiqc_data'
[2024-03-29 10:58:01,020] multiqc                                            [INFO   ]  MultiQC complete
