[bwa_index] Pack FASTA... 0.11 sec
[bwa_index] Construct BWT for the packed sequence...
[bwa_index] 3.21 seconds elapse.
[bwa_index] Update BWT... 0.07 sec
[bwa_index] Pack forward-only FASTA... 0.05 sec
[bwa_index] Construct SA from BWT and Occ... 1.17 sec
[main] Version: 0.7.17-r1188
[main] CMD: bwa index ../input_data/DV3_assembly.fasta
[main] Real time: 5.018 sec; CPU: 4.621 sec
[M::bwa_idx_load_from_disk] read 0 ALT contigs
[M::bwa_idx_load_from_disk] read 0 ALT contigs
[M::bwa_idx_load_from_disk] read 0 ALT contigs
[M::process] read 134746 sequences (10000036 bp)...
[M::process] read 134016 sequences (10000093 bp)...
[M::process] read 133960 sequences (10000043 bp)...
[M::process] read 133954 sequences (10000083 bp)...
[M::process] read 134786 sequences (10000058 bp)...
[M::process] read 134018 sequences (10000020 bp)...
[M::mem_process_seqs] Processed 133960 reads in 7.165 CPU sec, 6.940 real sec
[M::process] read 133964 sequences (10000071 bp)...
[M::mem_process_seqs] Processed 134016 reads in 7.843 CPU sec, 7.835 real sec
[M::mem_process_seqs] Processed 134746 reads in 8.237 CPU sec, 8.194 real sec
[M::process] read 134030 sequences (10000055 bp)...
[M::process] read 134800 sequences (10000046 bp)...
[M::mem_process_seqs] Processed 133954 reads in 7.393 CPU sec, 7.002 real sec
[M::process] read 133958 sequences (10000133 bp)...
[M::mem_process_seqs] Processed 134018 reads in 8.000 CPU sec, 7.533 real sec
[M::process] read 134020 sequences (10000005 bp)...
[M::mem_process_seqs] Processed 134786 reads in 8.436 CPU sec, 8.114 real sec
[M::process] read 134752 sequences (10000099 bp)...
[M::mem_process_seqs] Processed 133964 reads in 7.492 CPU sec, 7.104 real sec
[M::process] read 133952 sequences (10000047 bp)...
[M::mem_process_seqs] Processed 134030 reads in 8.398 CPU sec, 7.957 real sec
[M::process] read 134026 sequences (10000068 bp)...
[M::mem_process_seqs] Processed 134800 reads in 8.388 CPU sec, 7.955 real sec
[M::process] read 134780 sequences (10000113 bp)...
[M::mem_process_seqs] Processed 133958 reads in 7.434 CPU sec, 7.036 real sec
[M::process] read 133954 sequences (10000108 bp)...
[M::mem_process_seqs] Processed 134020 reads in 8.049 CPU sec, 7.629 real sec
[M::process] read 134030 sequences (10000148 bp)...
[M::mem_process_seqs] Processed 134752 reads in 8.482 CPU sec, 8.140 real sec
[M::process] read 134752 sequences (10000015 bp)...
[M::mem_process_seqs] Processed 133952 reads in 7.648 CPU sec, 7.195 real sec
[M::process] read 133964 sequences (10000118 bp)...
[M::mem_process_seqs] Processed 134026 reads in 8.145 CPU sec, 7.685 real sec
[M::process] read 134028 sequences (10000109 bp)...
[M::mem_process_seqs] Processed 134780 reads in 8.324 CPU sec, 7.881 real sec
[M::process] read 134750 sequences (10000017 bp)...
[M::mem_process_seqs] Processed 133954 reads in 7.664 CPU sec, 7.255 real sec
[M::process] read 133958 sequences (10000035 bp)...
[M::mem_process_seqs] Processed 134030 reads in 8.180 CPU sec, 7.773 real sec
[M::process] read 134030 sequences (10000052 bp)...
[M::mem_process_seqs] Processed 134752 reads in 8.592 CPU sec, 8.194 real sec
[M::process] read 134796 sequences (10000007 bp)...
[M::mem_process_seqs] Processed 133964 reads in 7.575 CPU sec, 7.135 real sec
[M::process] read 133954 sequences (10000091 bp)...
[M::mem_process_seqs] Processed 134028 reads in 8.143 CPU sec, 7.687 real sec
[M::process] read 134022 sequences (10000134 bp)...
[M::mem_process_seqs] Processed 134750 reads in 8.448 CPU sec, 8.017 real sec
[M::mem_process_seqs] Processed 133958 reads in 7.451 CPU sec, 7.021 real sec
[M::process] read 134750 sequences (10000108 bp)...
[M::process] read 133950 sequences (10000041 bp)...
[M::mem_process_seqs] Processed 134030 reads in 8.089 CPU sec, 7.937 real sec
[M::process] read 134024 sequences (10000103 bp)...
[M::mem_process_seqs] Processed 133954 reads in 7.528 CPU sec, 7.097 real sec
[M::process] read 133968 sequences (10000128 bp)...
[M::mem_process_seqs] Processed 134796 reads in 8.477 CPU sec, 8.128 real sec
[M::process] read 134798 sequences (10000024 bp)...
[M::mem_process_seqs] Processed 134022 reads in 8.126 CPU sec, 7.674 real sec
[M::process] read 134024 sequences (10000004 bp)...
[M::mem_process_seqs] Processed 133950 reads in 7.513 CPU sec, 7.115 real sec
[M::process] read 133952 sequences (10000115 bp)...
[M::mem_process_seqs] Processed 134750 reads in 8.498 CPU sec, 8.060 real sec
[M::process] read 134782 sequences (10000030 bp)...
[M::mem_process_seqs] Processed 134024 reads in 8.094 CPU sec, 7.721 real sec
[M::process] read 134030 sequences (10000148 bp)...
[M::mem_process_seqs] Processed 133968 reads in 8.146 CPU sec, 7.728 real sec
[M::process] read 133944 sequences (10000026 bp)...
[M::mem_process_seqs] Processed 134798 reads in 8.556 CPU sec, 8.143 real sec
[M::process] read 134772 sequences (10000101 bp)...
[M::mem_process_seqs] Processed 134024 reads in 8.123 CPU sec, 7.644 real sec
[M::process] read 134020 sequences (10000021 bp)...
[M::mem_process_seqs] Processed 133952 reads in 7.465 CPU sec, 7.051 real sec
[M::process] read 133950 sequences (10000094 bp)...
[M::mem_process_seqs] Processed 134782 reads in 8.432 CPU sec, 7.986 real sec
[M::process] read 134760 sequences (10000088 bp)...
[M::mem_process_seqs] Processed 133944 reads in 7.462 CPU sec, 7.027 real sec
[M::process] read 133962 sequences (10000057 bp)...
[M::mem_process_seqs] Processed 134030 reads in 8.976 CPU sec, 8.585 real sec
[M::process] read 134030 sequences (10000051 bp)...
[M::mem_process_seqs] Processed 134772 reads in 8.587 CPU sec, 8.177 real sec
[M::process] read 134786 sequences (10000077 bp)...
[M::mem_process_seqs] Processed 133950 reads in 7.614 CPU sec, 7.206 real sec
[M::process] read 133954 sequences (10000017 bp)...
[M::mem_process_seqs] Processed 134020 reads in 8.533 CPU sec, 8.087 real sec
[M::process] read 134020 sequences (10000084 bp)...
[M::mem_process_seqs] Processed 134760 reads in 9.016 CPU sec, 8.564 real sec
[M::process] read 134750 sequences (10000037 bp)...
[M::mem_process_seqs] Processed 133962 reads in 8.249 CPU sec, 8.209 real sec
[M::process] read 133942 sequences (10000097 bp)...
[M::mem_process_seqs] Processed 134030 reads in 8.578 CPU sec, 8.171 real sec
[M::process] read 134024 sequences (10000138 bp)...
[M::mem_process_seqs] Processed 134786 reads in 8.974 CPU sec, 8.631 real sec
[M::process] read 134778 sequences (10000026 bp)...
[M::mem_process_seqs] Processed 133954 reads in 8.039 CPU sec, 7.596 real sec
[M::process] read 133952 sequences (10000034 bp)...
[M::mem_process_seqs] Processed 134020 reads in 8.498 CPU sec, 8.030 real sec
[M::process] read 134024 sequences (10000003 bp)...
[M::mem_process_seqs] Processed 133942 reads in 7.533 CPU sec, 7.071 real sec
[M::mem_process_seqs] Processed 134750 reads in 9.472 CPU sec, 9.028 real sec
[M::process] read 133944 sequences (10000083 bp)...
[M::process] read 134808 sequences (10000015 bp)...
[M::mem_process_seqs] Processed 134024 reads in 8.312 CPU sec, 7.903 real sec
[M::process] read 134038 sequences (10000135 bp)...
[M::mem_process_seqs] Processed 133952 reads in 7.525 CPU sec, 7.092 real sec
[M::process] read 133958 sequences (10000060 bp)...
[M::mem_process_seqs] Processed 134778 reads in 8.610 CPU sec, 8.293 real sec
[M::process] read 134784 sequences (10000062 bp)...
[M::mem_process_seqs] Processed 134024 reads in 8.481 CPU sec, 8.013 real sec
[M::process] read 134016 sequences (10000028 bp)...
[M::mem_process_seqs] Processed 133944 reads in 7.518 CPU sec, 7.092 real sec
[M::process] read 133958 sequences (10000081 bp)...
[M::mem_process_seqs] Processed 134808 reads in 8.598 CPU sec, 8.128 real sec
[M::process] read 134782 sequences (10000074 bp)...
[M::mem_process_seqs] Processed 134038 reads in 8.260 CPU sec, 8.262 real sec
[M::process] read 134028 sequences (10000092 bp)...
[M::mem_process_seqs] Processed 133958 reads in 7.661 CPU sec, 7.242 real sec
[M::process] read 133952 sequences (10000003 bp)...
[M::mem_process_seqs] Processed 134784 reads in 8.574 CPU sec, 8.557 real sec
[M::process] read 134754 sequences (10000043 bp)...
[M::mem_process_seqs] Processed 134016 reads in 8.377 CPU sec, 7.909 real sec
[M::process] read 134012 sequences (10000080 bp)...
[M::mem_process_seqs] Processed 133958 reads in 7.721 CPU sec, 7.267 real sec
[M::process] read 133958 sequences (10000078 bp)...
[M::mem_process_seqs] Processed 134782 reads in 8.703 CPU sec, 8.389 real sec
[M::process] read 134740 sequences (10000111 bp)...
[M::mem_process_seqs] Processed 134028 reads in 8.506 CPU sec, 8.830 real sec
[M::mem_process_seqs] Processed 133952 reads in 8.214 CPU sec, 7.756 real sec
[M::process] read 134026 sequences (10000008 bp)...
[M::process] read 133952 sequences (10000110 bp)...
[M::mem_process_seqs] Processed 134754 reads in 8.829 CPU sec, 8.448 real sec
[M::process] read 134776 sequences (10000001 bp)...
[M::mem_process_seqs] Processed 134012 reads in 8.488 CPU sec, 8.121 real sec
[M::mem_process_seqs] Processed 133958 reads in 8.297 CPU sec, 7.842 real sec
[M::process] read 134022 sequences (10000106 bp)...
[M::process] read 133956 sequences (10000011 bp)...
[M::mem_process_seqs] Processed 134740 reads in 8.780 CPU sec, 8.322 real sec
[M::process] read 134774 sequences (10000090 bp)...
[M::mem_process_seqs] Processed 133952 reads in 7.773 CPU sec, 7.765 real sec
[M::process] read 133966 sequences (10000109 bp)...
[M::mem_process_seqs] Processed 134026 reads in 8.956 CPU sec, 9.499 real sec
[M::process] read 134026 sequences (10000039 bp)...
[M::mem_process_seqs] Processed 133956 reads in 7.908 CPU sec, 9.027 real sec
[M::mem_process_seqs] Processed 134776 reads in 9.067 CPU sec, 10.739 real sec
[M::process] read 133956 sequences (10000026 bp)...
[M::process] read 134750 sequences (10000063 bp)...
[M::mem_process_seqs] Processed 134022 reads in 8.628 CPU sec, 8.436 real sec
[M::process] read 134016 sequences (10000010 bp)...
[M::mem_process_seqs] Processed 133966 reads in 7.930 CPU sec, 7.652 real sec
[M::process] read 133960 sequences (10000059 bp)...
[M::mem_process_seqs] Processed 134774 reads in 8.782 CPU sec, 8.310 real sec
[M::process] read 134772 sequences (10000129 bp)...
[M::mem_process_seqs] Processed 134026 reads in 8.587 CPU sec, 8.146 real sec
[M::process] read 134026 sequences (10000043 bp)...
[M::mem_process_seqs] Processed 133956 reads in 7.820 CPU sec, 7.381 real sec
[M::process] read 133948 sequences (10000087 bp)...
[M::mem_process_seqs] Processed 134750 reads in 8.889 CPU sec, 8.512 real sec
[M::process] read 134772 sequences (10000067 bp)...
[M::mem_process_seqs] Processed 134016 reads in 9.152 CPU sec, 8.718 real sec
[M::process] read 134030 sequences (10000125 bp)...
[M::mem_process_seqs] Processed 133960 reads in 8.102 CPU sec, 7.703 real sec
[M::process] read 133958 sequences (10000125 bp)...
[M::mem_process_seqs] Processed 134772 reads in 8.866 CPU sec, 8.835 real sec
[M::mem_process_seqs] Processed 134026 reads in 8.505 CPU sec, 8.110 real sec
[M::process] read 134742 sequences (10000006 bp)...
[M::process] read 134026 sequences (10000015 bp)...
[M::mem_process_seqs] Processed 133948 reads in 8.214 CPU sec, 7.922 real sec
[M::process] read 133954 sequences (10000140 bp)...
[M::mem_process_seqs] Processed 134772 reads in 8.853 CPU sec, 8.327 real sec
[M::mem_process_seqs] Processed 134030 reads in 8.498 CPU sec, 8.463 real sec
[M::process] read 134772 sequences (10000006 bp)...
[M::process] read 134032 sequences (10000101 bp)...
[M::mem_process_seqs] Processed 133958 reads in 7.785 CPU sec, 7.390 real sec
[M::process] read 133956 sequences (10000135 bp)...
[M::mem_process_seqs] Processed 134026 reads in 8.805 CPU sec, 8.401 real sec
[M::mem_process_seqs] Processed 134742 reads in 9.569 CPU sec, 9.228 real sec
[M::process] read 134022 sequences (10000128 bp)...
[M::process] read 134752 sequences (10000012 bp)...
[M::mem_process_seqs] Processed 133954 reads in 8.409 CPU sec, 7.984 real sec
[M::process] read 133956 sequences (10000012 bp)...
[M::mem_process_seqs] Processed 134032 reads in 8.739 CPU sec, 8.285 real sec
[M::process] read 134022 sequences (10000139 bp)...
[M::mem_process_seqs] Processed 134772 reads in 9.223 CPU sec, 9.076 real sec
[M::process] read 134746 sequences (10000032 bp)...
[M::mem_process_seqs] Processed 133956 reads in 8.168 CPU sec, 8.095 real sec
[M::process] read 133950 sequences (10000003 bp)...
[M::mem_process_seqs] Processed 134022 reads in 8.699 CPU sec, 8.255 real sec
[M::process] read 134020 sequences (10000047 bp)...
[M::mem_process_seqs] Processed 134752 reads in 9.009 CPU sec, 8.517 real sec
[M::process] read 134780 sequences (10000015 bp)...
[M::mem_process_seqs] Processed 133956 reads in 7.905 CPU sec, 7.470 real sec
[M::process] read 133956 sequences (10000027 bp)...
[M::mem_process_seqs] Processed 134022 reads in 8.359 CPU sec, 7.890 real sec
[M::process] read 134026 sequences (10000071 bp)...
[M::mem_process_seqs] Processed 133950 reads in 8.629 CPU sec, 8.200 real sec
[M::process] read 133952 sequences (10000056 bp)...
[M::mem_process_seqs] Processed 134746 reads in 10.026 CPU sec, 10.197 real sec
[M::process] read 134774 sequences (10000098 bp)...
[M::mem_process_seqs] Processed 134020 reads in 8.369 CPU sec, 8.547 real sec
[M::process] read 134028 sequences (10000123 bp)...
[M::mem_process_seqs] Processed 133956 reads in 7.712 CPU sec, 7.607 real sec
[M::process] read 133958 sequences (10000099 bp)...
[M::mem_process_seqs] Processed 134780 reads in 8.975 CPU sec, 8.712 real sec
[M::process] read 134746 sequences (10000027 bp)...
[M::mem_process_seqs] Processed 134026 reads in 8.152 CPU sec, 7.708 real sec
[M::process] read 134026 sequences (10000051 bp)...
[M::mem_process_seqs] Processed 133952 reads in 7.734 CPU sec, 7.540 real sec
[M::process] read 133958 sequences (10000059 bp)...
[M::mem_process_seqs] Processed 134774 reads in 8.631 CPU sec, 8.200 real sec
[M::process] read 134794 sequences (10000054 bp)...
[M::mem_process_seqs] Processed 134028 reads in 8.110 CPU sec, 7.676 real sec
[M::process] read 134024 sequences (10000032 bp)...
[M::mem_process_seqs] Processed 133958 reads in 7.562 CPU sec, 7.144 real sec
[M::process] read 133952 sequences (10000052 bp)...
[M::mem_process_seqs] Processed 134746 reads in 8.653 CPU sec, 8.199 real sec
[M::process] read 134764 sequences (10000073 bp)...
[M::mem_process_seqs] Processed 134026 reads in 8.410 CPU sec, 8.004 real sec
[M::process] read 134026 sequences (10000147 bp)...
[M::mem_process_seqs] Processed 133958 reads in 7.705 CPU sec, 7.692 real sec
[M::process] read 133956 sequences (10000104 bp)...
[M::mem_process_seqs] Processed 134794 reads in 8.858 CPU sec, 8.854 real sec
[M::process] read 134750 sequences (10000010 bp)...
[M::mem_process_seqs] Processed 133952 reads in 7.990 CPU sec, 7.553 real sec
[M::mem_process_seqs] Processed 134024 reads in 8.701 CPU sec, 8.299 real sec
[M::process] read 133960 sequences (10000116 bp)...
[M::process] read 134026 sequences (10000110 bp)...
[M::mem_process_seqs] Processed 134764 reads in 9.202 CPU sec, 8.746 real sec
[M::process] read 134820 sequences (10000145 bp)...
[M::mem_process_seqs] Processed 133956 reads in 8.138 CPU sec, 7.711 real sec
[M::process] read 133958 sequences (10000066 bp)...
[M::mem_process_seqs] Processed 134026 reads in 9.416 CPU sec, 9.411 real sec
[M::process] read 134018 sequences (10000149 bp)...
[M::mem_process_seqs] Processed 134750 reads in 9.001 CPU sec, 8.579 real sec
[M::mem_process_seqs] Processed 133960 reads in 7.834 CPU sec, 7.652 real sec
[M::process] read 134746 sequences (10000146 bp)...
[M::process] read 133956 sequences (10000040 bp)...
[M::mem_process_seqs] Processed 134026 reads in 8.781 CPU sec, 8.337 real sec
[M::process] read 134028 sequences (10000026 bp)...
[M::mem_process_seqs] Processed 133958 reads in 7.305 CPU sec, 6.892 real sec
[M::process] read 133956 sequences (10000054 bp)...
[M::mem_process_seqs] Processed 134820 reads in 8.607 CPU sec, 8.174 real sec
[M::process] read 134762 sequences (10000145 bp)...
[M::mem_process_seqs] Processed 134018 reads in 8.054 CPU sec, 7.663 real sec
[M::process] read 134012 sequences (10000080 bp)...
[M::mem_process_seqs] Processed 133956 reads in 7.475 CPU sec, 7.050 real sec
[M::process] read 133964 sequences (10000109 bp)...
[M::mem_process_seqs] Processed 134746 reads in 8.588 CPU sec, 8.144 real sec
[M::process] read 134788 sequences (10000120 bp)...
[M::mem_process_seqs] Processed 134028 reads in 8.182 CPU sec, 7.785 real sec
[M::process] read 134028 sequences (10000069 bp)...
[M::mem_process_seqs] Processed 133956 reads in 7.397 CPU sec, 6.985 real sec
[M::process] read 133960 sequences (10000000 bp)...
[M::mem_process_seqs] Processed 134762 reads in 8.513 CPU sec, 8.069 real sec
[M::process] read 134728 sequences (10000092 bp)...
[M::mem_process_seqs] Processed 134012 reads in 8.177 CPU sec, 7.708 real sec
[M::process] read 134024 sequences (10000014 bp)...
[M::mem_process_seqs] Processed 133964 reads in 7.444 CPU sec, 7.003 real sec
[M::process] read 133958 sequences (10000075 bp)...
[M::mem_process_seqs] Processed 134788 reads in 8.782 CPU sec, 8.451 real sec
[M::process] read 134758 sequences (10000040 bp)...
[M::mem_process_seqs] Processed 134028 reads in 8.034 CPU sec, 7.699 real sec
[M::process] read 134012 sequences (10000121 bp)...
[M::mem_process_seqs] Processed 133960 reads in 7.459 CPU sec, 7.132 real sec
[M::process] read 133958 sequences (10000027 bp)...
[M::mem_process_seqs] Processed 134728 reads in 8.583 CPU sec, 8.117 real sec
[M::process] read 134806 sequences (10000024 bp)...
[M::mem_process_seqs] Processed 134024 reads in 8.162 CPU sec, 7.705 real sec
[M::process] read 134024 sequences (10000136 bp)...
[M::mem_process_seqs] Processed 133958 reads in 7.339 CPU sec, 6.966 real sec
[M::process] read 133962 sequences (10000046 bp)...
[M::mem_process_seqs] Processed 134012 reads in 8.032 CPU sec, 7.602 real sec
[M::mem_process_seqs] Processed 134758 reads in 8.562 CPU sec, 8.171 real sec
[M::mem_process_seqs] Processed 133958 reads in 7.409 CPU sec, 6.996 real sec
[M::process] read 134726 sequences (10000027 bp)...
[M::process] read 134024 sequences (10000051 bp)...
[M::process] read 133950 sequences (10000051 bp)...
[M::mem_process_seqs] Processed 133962 reads in 7.402 CPU sec, 6.935 real sec
[M::process] read 133950 sequences (10000027 bp)...
[M::mem_process_seqs] Processed 134024 reads in 8.035 CPU sec, 8.012 real sec
[M::process] read 134022 sequences (10000044 bp)...
[M::mem_process_seqs] Processed 134806 reads in 8.556 CPU sec, 8.390 real sec
[M::process] read 134766 sequences (10000007 bp)...
[M::mem_process_seqs] Processed 133950 reads in 7.740 CPU sec, 7.315 real sec
[M::process] read 133962 sequences (10000026 bp)...
[M::mem_process_seqs] Processed 134024 reads in 8.265 CPU sec, 7.912 real sec
[M::process] read 134022 sequences (10000011 bp)...
[M::mem_process_seqs] Processed 134726 reads in 8.449 CPU sec, 8.109 real sec
[M::process] read 134832 sequences (10000062 bp)...
[M::mem_process_seqs] Processed 133950 reads in 7.685 CPU sec, 7.209 real sec
[M::process] read 72100 sequences (5382386 bp)...
[M::mem_process_seqs] Processed 134022 reads in 8.288 CPU sec, 8.045 real sec
[M::process] read 134026 sequences (10000022 bp)...
[M::mem_process_seqs] Processed 134766 reads in 9.455 CPU sec, 8.976 real sec
[M::process] read 134786 sequences (10000085 bp)...
[M::mem_process_seqs] Processed 133962 reads in 7.322 CPU sec, 7.099 real sec
[M::mem_process_seqs] Processed 134022 reads in 8.204 CPU sec, 7.860 real sec
[M::process] read 134028 sequences (10000112 bp)...
[M::mem_process_seqs] Processed 72100 reads in 3.978 CPU sec, 3.765 real sec
[main] Version: 0.7.17-r1188
[main] CMD: bwa mem ../input_data/DV3_assembly.fasta /crex/proj/uppmax2024-2-7/Genome_Analysis/2_Beganovic_2023/RNA_reads/SRR24516458_1.fastq.gz
[main] Real time: 388.775 sec; CPU: 406.200 sec
[M::mem_process_seqs] Processed 134832 reads in 9.097 CPU sec, 8.671 real sec
[M::process] read 134782 sequences (10000091 bp)...
[M::mem_process_seqs] Processed 134026 reads in 8.032 CPU sec, 7.575 real sec
[M::process] read 134016 sequences (10000119 bp)...
[M::mem_process_seqs] Processed 134786 reads in 8.351 CPU sec, 7.900 real sec
[M::process] read 134788 sequences (10000065 bp)...
[M::mem_process_seqs] Processed 134028 reads in 7.960 CPU sec, 7.536 real sec
[M::process] read 134022 sequences (10000012 bp)...
[M::mem_process_seqs] Processed 134782 reads in 8.699 CPU sec, 8.275 real sec
[M::process] read 134746 sequences (10000018 bp)...
[M::mem_process_seqs] Processed 134016 reads in 8.048 CPU sec, 7.593 real sec
[M::process] read 134020 sequences (10000006 bp)...
[M::mem_process_seqs] Processed 134788 reads in 8.592 CPU sec, 8.130 real sec
[M::process] read 134776 sequences (10000094 bp)...
[M::mem_process_seqs] Processed 134022 reads in 8.243 CPU sec, 7.803 real sec
[M::process] read 134022 sequences (10000063 bp)...
[M::mem_process_seqs] Processed 134746 reads in 8.822 CPU sec, 8.389 real sec
[M::process] read 134800 sequences (10000087 bp)...
[M::mem_process_seqs] Processed 134020 reads in 7.907 CPU sec, 7.456 real sec
[M::process] read 134028 sequences (10000130 bp)...
[M::mem_process_seqs] Processed 134776 reads in 8.526 CPU sec, 8.062 real sec
[M::process] read 134766 sequences (10000124 bp)...
[M::mem_process_seqs] Processed 134022 reads in 7.929 CPU sec, 7.498 real sec
[M::process] read 134018 sequences (10000009 bp)...
[M::mem_process_seqs] Processed 134800 reads in 8.532 CPU sec, 8.073 real sec
[M::process] read 134696 sequences (10000039 bp)...
[M::mem_process_seqs] Processed 134028 reads in 8.521 CPU sec, 8.043 real sec
[M::process] read 134026 sequences (10000140 bp)...
[M::mem_process_seqs] Processed 134766 reads in 8.540 CPU sec, 8.096 real sec
[M::process] read 134750 sequences (10000010 bp)...
[M::mem_process_seqs] Processed 134018 reads in 8.400 CPU sec, 7.960 real sec
[M::process] read 63161 sequences (4712515 bp)...
[M::mem_process_seqs] Processed 134696 reads in 8.380 CPU sec, 7.929 real sec
[M::process] read 134776 sequences (10000110 bp)...
[M::mem_process_seqs] Processed 134026 reads in 7.895 CPU sec, 7.569 real sec
[M::mem_process_seqs] Processed 63161 reads in 3.860 CPU sec, 3.658 real sec
[main] Version: 0.7.17-r1188
[main] CMD: bwa mem ../input_data/DV3_assembly.fasta /crex/proj/uppmax2024-2-7/Genome_Analysis/2_Beganovic_2023/RNA_reads/SRR24516457_1.fastq.gz
[main] Real time: 460.684 sec; CPU: 479.939 sec
[M::mem_process_seqs] Processed 134750 reads in 8.439 CPU sec, 7.995 real sec
[M::process] read 134714 sequences (10000127 bp)...
[M::mem_process_seqs] Processed 134776 reads in 8.324 CPU sec, 7.876 real sec
[M::process] read 134792 sequences (10000133 bp)...
[M::mem_process_seqs] Processed 134714 reads in 8.559 CPU sec, 8.102 real sec
[M::process] read 134786 sequences (10000005 bp)...
[M::mem_process_seqs] Processed 134792 reads in 8.572 CPU sec, 8.141 real sec
[M::process] read 134740 sequences (10000098 bp)...
[M::mem_process_seqs] Processed 134786 reads in 8.501 CPU sec, 8.051 real sec
[M::process] read 134790 sequences (10000059 bp)...
[M::mem_process_seqs] Processed 134740 reads in 8.550 CPU sec, 8.123 real sec
[M::process] read 134784 sequences (10000110 bp)...
[M::mem_process_seqs] Processed 134790 reads in 8.321 CPU sec, 7.860 real sec
[M::process] read 134736 sequences (10000066 bp)...
[M::mem_process_seqs] Processed 134784 reads in 8.436 CPU sec, 7.997 real sec
[M::process] read 134762 sequences (10000029 bp)...
[M::mem_process_seqs] Processed 134736 reads in 8.396 CPU sec, 7.931 real sec
[M::process] read 134772 sequences (10000050 bp)...
[M::mem_process_seqs] Processed 134762 reads in 8.459 CPU sec, 8.012 real sec
[M::process] read 134752 sequences (10000086 bp)...
[M::mem_process_seqs] Processed 134772 reads in 8.308 CPU sec, 7.831 real sec
[M::process] read 134796 sequences (10000148 bp)...
[M::mem_process_seqs] Processed 134752 reads in 8.462 CPU sec, 8.021 real sec
[M::process] read 134766 sequences (10000144 bp)...
[M::mem_process_seqs] Processed 134796 reads in 8.858 CPU sec, 8.405 real sec
[M::process] read 134766 sequences (10000102 bp)...
[M::mem_process_seqs] Processed 134766 reads in 8.993 CPU sec, 8.490 real sec
[M::process] read 134790 sequences (10000019 bp)...
[M::mem_process_seqs] Processed 134766 reads in 8.475 CPU sec, 7.992 real sec
[M::process] read 46499 sequences (3449222 bp)...
[M::mem_process_seqs] Processed 134790 reads in 8.127 CPU sec, 7.836 real sec
[M::mem_process_seqs] Processed 46499 reads in 2.979 CPU sec, 2.756 real sec
[main] Version: 0.7.17-r1188
[main] CMD: bwa mem ../input_data/DV3_assembly.fasta /crex/proj/uppmax2024-2-7/Genome_Analysis/2_Beganovic_2023/RNA_reads/SRR24516456_1.fastq.gz
[main] Real time: 586.680 sec; CPU: 611.565 sec
[bam_sort_core] merging from 3 files and 1 in-memory blocks...
[bam_sort_core] merging from 2 files and 1 in-memory blocks...
[bam_sort_core] merging from 2 files and 1 in-memory blocks...
