[bwa_index] Pack FASTA... 0.11 sec
[bwa_index] Construct BWT for the packed sequence...
[bwa_index] 3.24 seconds elapse.
[bwa_index] Update BWT... 0.05 sec
[bwa_index] Pack forward-only FASTA... 0.06 sec
[bwa_index] Construct SA from BWT and Occ... 1.28 sec
[main] Version: 0.7.17-r1188
[main] CMD: bwa index ../input_data/HP126_assembly.fasta
[main] Real time: 5.152 sec; CPU: 4.742 sec
[M::bwa_idx_load_from_disk] read 0 ALT contigs
[M::bwa_idx_load_from_disk] read 0 ALT contigs
[M::bwa_idx_load_from_disk] read 0 ALT contigs
[M::process] read 134022 sequences (10000101 bp)...
[M::process] read 134050 sequences (10000027 bp)...
[M::process] read 134014 sequences (10000043 bp)...
[M::process] read 134014 sequences (10000124 bp)...
[M::process] read 134060 sequences (10000120 bp)...
[M::process] read 134014 sequences (10000094 bp)...
[M::mem_process_seqs] Processed 134022 reads in 7.859 CPU sec, 7.661 real sec
[M::mem_process_seqs] Processed 134014 reads in 7.742 CPU sec, 7.730 real sec
[M::mem_process_seqs] Processed 134050 reads in 7.885 CPU sec, 7.860 real sec
[M::process] read 134070 sequences (10000019 bp)...
[M::process] read 134016 sequences (10000140 bp)...
[M::process] read 134004 sequences (10000042 bp)...
[M::mem_process_seqs] Processed 134014 reads in 7.948 CPU sec, 7.655 real sec
[M::mem_process_seqs] Processed 134014 reads in 8.298 CPU sec, 8.013 real sec
[M::mem_process_seqs] Processed 134060 reads in 8.111 CPU sec, 7.996 real sec
[M::process] read 134016 sequences (10000133 bp)...
[M::process] read 134024 sequences (10000114 bp)...
[M::process] read 134062 sequences (10000131 bp)...
[M::mem_process_seqs] Processed 134004 reads in 8.055 CPU sec, 7.607 real sec
[M::mem_process_seqs] Processed 134016 reads in 7.939 CPU sec, 7.698 real sec
[M::process] read 134010 sequences (10000079 bp)...
[M::mem_process_seqs] Processed 134070 reads in 8.112 CPU sec, 7.684 real sec
[M::process] read 134022 sequences (10000106 bp)...
[M::process] read 134064 sequences (10000072 bp)...
[M::mem_process_seqs] Processed 134016 reads in 8.051 CPU sec, 7.640 real sec
[M::process] read 134008 sequences (10000085 bp)...
[M::mem_process_seqs] Processed 134024 reads in 8.234 CPU sec, 7.943 real sec
[M::mem_process_seqs] Processed 134062 reads in 8.277 CPU sec, 7.845 real sec
[M::process] read 134018 sequences (10000136 bp)...
[M::process] read 134054 sequences (10000124 bp)...
[M::mem_process_seqs] Processed 134010 reads in 7.936 CPU sec, 7.515 real sec
[M::process] read 134018 sequences (10000009 bp)...
[M::mem_process_seqs] Processed 134022 reads in 8.109 CPU sec, 7.855 real sec
[M::mem_process_seqs] Processed 134064 reads in 8.153 CPU sec, 7.932 real sec
[M::process] read 134018 sequences (10000020 bp)...
[M::process] read 134056 sequences (10000084 bp)...
[M::mem_process_seqs] Processed 134008 reads in 7.973 CPU sec, 7.986 real sec
[M::process] read 134006 sequences (10000039 bp)...
[M::mem_process_seqs] Processed 134018 reads in 8.173 CPU sec, 7.770 real sec
[M::mem_process_seqs] Processed 134054 reads in 8.182 CPU sec, 7.748 real sec
[M::process] read 134010 sequences (10000105 bp)...
[M::process] read 134064 sequences (10000028 bp)...
[M::mem_process_seqs] Processed 134018 reads in 7.862 CPU sec, 7.456 real sec
[M::process] read 134016 sequences (10000091 bp)...
[M::mem_process_seqs] Processed 134056 reads in 8.296 CPU sec, 7.830 real sec
[M::mem_process_seqs] Processed 134018 reads in 8.315 CPU sec, 8.305 real sec
[M::process] read 134062 sequences (10000040 bp)...
[M::process] read 134012 sequences (10000118 bp)...
[M::mem_process_seqs] Processed 134006 reads in 7.758 CPU sec, 7.363 real sec
[M::process] read 134008 sequences (10000015 bp)...
[M::mem_process_seqs] Processed 134064 reads in 8.132 CPU sec, 7.790 real sec
[M::mem_process_seqs] Processed 134010 reads in 8.164 CPU sec, 7.808 real sec
[M::process] read 134068 sequences (10000106 bp)...
[M::process] read 134014 sequences (10000111 bp)...
[M::mem_process_seqs] Processed 134016 reads in 7.918 CPU sec, 7.475 real sec
[M::process] read 134016 sequences (10000053 bp)...
[M::mem_process_seqs] Processed 134062 reads in 8.271 CPU sec, 7.921 real sec
[M::mem_process_seqs] Processed 134012 reads in 8.115 CPU sec, 7.727 real sec
[M::process] read 134070 sequences (10000014 bp)...
[M::process] read 134020 sequences (10000026 bp)...
[M::mem_process_seqs] Processed 134008 reads in 7.871 CPU sec, 7.477 real sec
[M::process] read 134016 sequences (10000129 bp)...
[M::mem_process_seqs] Processed 134068 reads in 8.130 CPU sec, 7.845 real sec
[M::mem_process_seqs] Processed 134014 reads in 8.190 CPU sec, 7.742 real sec
[M::process] read 134062 sequences (10000061 bp)...
[M::process] read 134022 sequences (10000091 bp)...
[M::mem_process_seqs] Processed 134016 reads in 7.942 CPU sec, 7.537 real sec
[M::process] read 134016 sequences (10000143 bp)...
[M::mem_process_seqs] Processed 134020 reads in 8.125 CPU sec, 7.836 real sec
[M::mem_process_seqs] Processed 134070 reads in 8.259 CPU sec, 7.997 real sec
[M::process] read 134010 sequences (10000115 bp)...
[M::process] read 134050 sequences (10000032 bp)...
[M::mem_process_seqs] Processed 134016 reads in 8.248 CPU sec, 7.864 real sec
[M::process] read 134016 sequences (10000144 bp)...
[M::mem_process_seqs] Processed 134062 reads in 8.145 CPU sec, 7.724 real sec
[M::mem_process_seqs] Processed 134022 reads in 8.199 CPU sec, 7.973 real sec
[M::process] read 134054 sequences (10000004 bp)...
[M::process] read 134022 sequences (10000124 bp)...
[M::mem_process_seqs] Processed 134016 reads in 8.310 CPU sec, 7.958 real sec
[M::process] read 134004 sequences (10000073 bp)...
[M::mem_process_seqs] Processed 134050 reads in 8.409 CPU sec, 7.926 real sec
[M::process] read 134060 sequences (10000064 bp)...
[M::mem_process_seqs] Processed 134010 reads in 8.608 CPU sec, 8.400 real sec
[M::process] read 134012 sequences (10000121 bp)...
[M::mem_process_seqs] Processed 134016 reads in 8.843 CPU sec, 8.403 real sec
[M::process] read 133998 sequences (10000006 bp)...
[M::mem_process_seqs] Processed 134054 reads in 8.669 CPU sec, 8.501 real sec
[M::mem_process_seqs] Processed 134022 reads in 8.793 CPU sec, 8.353 real sec
[M::process] read 134060 sequences (10000034 bp)...
[M::process] read 134010 sequences (10000089 bp)...
[M::mem_process_seqs] Processed 134004 reads in 8.632 CPU sec, 8.471 real sec
[M::process] read 134012 sequences (10000014 bp)...
[M::mem_process_seqs] Processed 134012 reads in 8.494 CPU sec, 8.071 real sec
[M::mem_process_seqs] Processed 134060 reads in 9.052 CPU sec, 8.625 real sec
[M::process] read 134010 sequences (10000121 bp)...
[M::process] read 134066 sequences (10000085 bp)...
[M::mem_process_seqs] Processed 133998 reads in 8.426 CPU sec, 8.065 real sec
[M::process] read 134016 sequences (10000127 bp)...
[M::mem_process_seqs] Processed 134010 reads in 8.278 CPU sec, 7.830 real sec
[M::mem_process_seqs] Processed 134060 reads in 8.117 CPU sec, 8.100 real sec
[M::process] read 134012 sequences (10000050 bp)...
[M::process] read 134060 sequences (10000117 bp)...
[M::mem_process_seqs] Processed 134012 reads in 9.028 CPU sec, 8.645 real sec
[M::process] read 134016 sequences (10000117 bp)...
[M::mem_process_seqs] Processed 134066 reads in 8.066 CPU sec, 7.720 real sec
[M::process] read 134064 sequences (10000143 bp)...
[M::mem_process_seqs] Processed 134010 reads in 9.094 CPU sec, 8.877 real sec
[M::process] read 134012 sequences (10000046 bp)...
[M::mem_process_seqs] Processed 134016 reads in 8.236 CPU sec, 7.811 real sec
[M::process] read 134020 sequences (10000129 bp)...
[M::mem_process_seqs] Processed 134060 reads in 8.076 CPU sec, 7.661 real sec
[M::process] read 134056 sequences (10000062 bp)...
[M::mem_process_seqs] Processed 134012 reads in 8.321 CPU sec, 7.898 real sec
[M::process] read 134020 sequences (10000088 bp)...
[M::mem_process_seqs] Processed 134016 reads in 8.297 CPU sec, 7.829 real sec
[M::process] read 134012 sequences (10000016 bp)...
[M::mem_process_seqs] Processed 134064 reads in 8.073 CPU sec, 7.631 real sec
[M::process] read 134062 sequences (10000045 bp)...
[M::mem_process_seqs] Processed 134012 reads in 8.238 CPU sec, 7.797 real sec
[M::process] read 134018 sequences (10000018 bp)...
[M::mem_process_seqs] Processed 134020 reads in 8.255 CPU sec, 7.827 real sec
[M::process] read 134004 sequences (10000063 bp)...
[M::mem_process_seqs] Processed 134056 reads in 8.425 CPU sec, 8.034 real sec
[M::process] read 134066 sequences (10000016 bp)...
[M::mem_process_seqs] Processed 134020 reads in 8.494 CPU sec, 8.118 real sec
[M::process] read 134020 sequences (10000146 bp)...
[M::mem_process_seqs] Processed 134012 reads in 8.430 CPU sec, 8.411 real sec
[M::process] read 134004 sequences (10000018 bp)...
[M::mem_process_seqs] Processed 134062 reads in 8.458 CPU sec, 8.042 real sec
[M::process] read 134060 sequences (10000083 bp)...
[M::mem_process_seqs] Processed 134018 reads in 8.611 CPU sec, 8.160 real sec
[M::process] read 134010 sequences (10000025 bp)...
[M::mem_process_seqs] Processed 134004 reads in 8.383 CPU sec, 7.980 real sec
[M::process] read 134006 sequences (10000072 bp)...
[M::mem_process_seqs] Processed 134066 reads in 8.439 CPU sec, 8.000 real sec
[M::process] read 134068 sequences (10000146 bp)...
[M::mem_process_seqs] Processed 134020 reads in 8.320 CPU sec, 7.905 real sec
[M::process] read 134010 sequences (10000144 bp)...
[M::mem_process_seqs] Processed 134004 reads in 8.490 CPU sec, 8.192 real sec
[M::process] read 134006 sequences (10000081 bp)...
[M::mem_process_seqs] Processed 134060 reads in 8.729 CPU sec, 8.598 real sec
[M::process] read 134066 sequences (10000016 bp)...
[M::mem_process_seqs] Processed 134010 reads in 8.429 CPU sec, 8.623 real sec
[M::process] read 134014 sequences (10000055 bp)...
[M::mem_process_seqs] Processed 134006 reads in 8.455 CPU sec, 8.282 real sec
[M::process] read 134012 sequences (10000013 bp)...
[M::mem_process_seqs] Processed 134068 reads in 8.475 CPU sec, 8.456 real sec
[M::process] read 134060 sequences (10000008 bp)...
[M::mem_process_seqs] Processed 134010 reads in 8.430 CPU sec, 8.072 real sec
[M::process] read 134022 sequences (10000113 bp)...
[M::mem_process_seqs] Processed 134006 reads in 8.253 CPU sec, 8.259 real sec
[M::process] read 134002 sequences (10000019 bp)...
[M::mem_process_seqs] Processed 134066 reads in 8.237 CPU sec, 7.777 real sec
[M::process] read 134046 sequences (10000021 bp)...
[M::mem_process_seqs] Processed 134014 reads in 8.361 CPU sec, 7.931 real sec
[M::process] read 134014 sequences (10000017 bp)...
[M::mem_process_seqs] Processed 134012 reads in 8.215 CPU sec, 7.851 real sec
[M::process] read 134008 sequences (10000110 bp)...
[M::mem_process_seqs] Processed 134060 reads in 8.380 CPU sec, 7.961 real sec
[M::process] read 134056 sequences (10000017 bp)...
[M::mem_process_seqs] Processed 134022 reads in 8.438 CPU sec, 8.016 real sec
[M::process] read 134022 sequences (10000128 bp)...
[M::mem_process_seqs] Processed 134002 reads in 8.384 CPU sec, 7.900 real sec
[M::process] read 134006 sequences (10000010 bp)...
[M::mem_process_seqs] Processed 134046 reads in 8.439 CPU sec, 8.002 real sec
[M::process] read 134064 sequences (10000064 bp)...
[M::mem_process_seqs] Processed 134014 reads in 8.392 CPU sec, 8.065 real sec
[M::process] read 134018 sequences (10000144 bp)...
[M::mem_process_seqs] Processed 134008 reads in 8.446 CPU sec, 8.037 real sec
[M::process] read 134012 sequences (10000083 bp)...
[M::mem_process_seqs] Processed 134056 reads in 8.555 CPU sec, 8.276 real sec
[M::process] read 134058 sequences (10000135 bp)...
[M::mem_process_seqs] Processed 134022 reads in 8.548 CPU sec, 8.135 real sec
[M::process] read 134018 sequences (10000087 bp)...
[M::mem_process_seqs] Processed 134006 reads in 8.714 CPU sec, 8.292 real sec
[M::process] read 134010 sequences (10000059 bp)...
[M::mem_process_seqs] Processed 134064 reads in 9.156 CPU sec, 8.772 real sec
[M::process] read 134056 sequences (10000065 bp)...
[M::mem_process_seqs] Processed 134018 reads in 8.804 CPU sec, 8.367 real sec
[M::process] read 134014 sequences (10000018 bp)...
[M::mem_process_seqs] Processed 134012 reads in 8.470 CPU sec, 8.322 real sec
[M::process] read 134014 sequences (10000118 bp)...
[M::mem_process_seqs] Processed 134058 reads in 8.626 CPU sec, 8.222 real sec
[M::process] read 134062 sequences (10000144 bp)...
[M::mem_process_seqs] Processed 134018 reads in 8.604 CPU sec, 8.225 real sec
[M::process] read 134012 sequences (10000059 bp)...
[M::mem_process_seqs] Processed 134010 reads in 8.850 CPU sec, 8.401 real sec
[M::process] read 134018 sequences (10000074 bp)...
[M::mem_process_seqs] Processed 134014 reads in 8.471 CPU sec, 8.263 real sec
[M::mem_process_seqs] Processed 134056 reads in 9.330 CPU sec, 9.051 real sec
[M::process] read 134072 sequences (10000009 bp)...
[M::process] read 134018 sequences (10000006 bp)...
[M::mem_process_seqs] Processed 134014 reads in 8.666 CPU sec, 8.614 real sec
[M::process] read 134012 sequences (10000098 bp)...
[M::mem_process_seqs] Processed 134062 reads in 8.395 CPU sec, 7.989 real sec
[M::mem_process_seqs] Processed 134012 reads in 8.932 CPU sec, 8.519 real sec
[M::process] read 134058 sequences (10000088 bp)...
[M::process] read 134016 sequences (10000071 bp)...
[M::mem_process_seqs] Processed 134018 reads in 8.333 CPU sec, 7.894 real sec
[M::process] read 134016 sequences (10000069 bp)...
[M::mem_process_seqs] Processed 134072 reads in 8.056 CPU sec, 8.039 real sec
[M::mem_process_seqs] Processed 134018 reads in 8.215 CPU sec, 7.778 real sec
[M::process] read 134062 sequences (10000135 bp)...
[M::process] read 134010 sequences (10000070 bp)...
[M::mem_process_seqs] Processed 134012 reads in 8.911 CPU sec, 8.494 real sec
[M::process] read 134018 sequences (10000097 bp)...
[M::mem_process_seqs] Processed 134058 reads in 8.196 CPU sec, 7.913 real sec
[M::mem_process_seqs] Processed 134016 reads in 8.296 CPU sec, 7.910 real sec
[M::process] read 134056 sequences (10000053 bp)...
[M::process] read 134014 sequences (10000112 bp)...
[M::mem_process_seqs] Processed 134016 reads in 8.773 CPU sec, 8.308 real sec
[M::process] read 134012 sequences (10000114 bp)...
[M::mem_process_seqs] Processed 134062 reads in 8.267 CPU sec, 7.783 real sec
[M::process] read 134056 sequences (10000030 bp)...
[M::mem_process_seqs] Processed 134010 reads in 9.365 CPU sec, 9.338 real sec
[M::process] read 134012 sequences (10000064 bp)...
[M::mem_process_seqs] Processed 134018 reads in 8.277 CPU sec, 7.822 real sec
[M::process] read 134014 sequences (10000100 bp)...
[M::mem_process_seqs] Processed 134056 reads in 8.326 CPU sec, 7.912 real sec
[M::process] read 134064 sequences (10000049 bp)...
[M::mem_process_seqs] Processed 134014 reads in 9.161 CPU sec, 8.673 real sec
[M::process] read 134010 sequences (10000114 bp)...
[M::mem_process_seqs] Processed 134012 reads in 9.041 CPU sec, 8.594 real sec
[M::process] read 134012 sequences (10000128 bp)...
[M::mem_process_seqs] Processed 134056 reads in 8.887 CPU sec, 8.431 real sec
[M::process] read 134080 sequences (10000147 bp)...
[M::mem_process_seqs] Processed 134012 reads in 8.774 CPU sec, 8.650 real sec
[M::process] read 134014 sequences (10000064 bp)...
[M::mem_process_seqs] Processed 134014 reads in 8.416 CPU sec, 8.311 real sec
[M::process] read 134010 sequences (10000122 bp)...
[M::mem_process_seqs] Processed 134064 reads in 8.497 CPU sec, 8.051 real sec
[M::process] read 134058 sequences (10000144 bp)...
[M::mem_process_seqs] Processed 134010 reads in 8.316 CPU sec, 7.921 real sec
[M::process] read 134010 sequences (10000087 bp)...
[M::mem_process_seqs] Processed 134012 reads in 8.012 CPU sec, 7.598 real sec
[M::process] read 134008 sequences (10000071 bp)...
[M::mem_process_seqs] Processed 134080 reads in 8.189 CPU sec, 7.761 real sec
[M::process] read 134058 sequences (10000062 bp)...
[M::mem_process_seqs] Processed 134014 reads in 8.141 CPU sec, 7.723 real sec
[M::process] read 134024 sequences (10000007 bp)...
[M::mem_process_seqs] Processed 134010 reads in 8.028 CPU sec, 7.610 real sec
[M::process] read 134012 sequences (10000041 bp)...
[M::mem_process_seqs] Processed 134058 reads in 8.165 CPU sec, 7.762 real sec
[M::process] read 134072 sequences (10000038 bp)...
[M::mem_process_seqs] Processed 134010 reads in 8.021 CPU sec, 7.628 real sec
[M::process] read 134018 sequences (10000142 bp)...
[M::mem_process_seqs] Processed 134008 reads in 7.980 CPU sec, 7.793 real sec
[M::process] read 134012 sequences (10000040 bp)...
[M::mem_process_seqs] Processed 134058 reads in 8.170 CPU sec, 7.745 real sec
[M::process] read 134066 sequences (10000128 bp)...
[M::mem_process_seqs] Processed 134024 reads in 8.163 CPU sec, 7.710 real sec
[M::process] read 134022 sequences (10000148 bp)...
[M::mem_process_seqs] Processed 134012 reads in 8.056 CPU sec, 7.635 real sec
[M::process] read 134010 sequences (10000140 bp)...
[M::mem_process_seqs] Processed 134072 reads in 8.190 CPU sec, 7.766 real sec
[M::process] read 134050 sequences (10000092 bp)...
[M::mem_process_seqs] Processed 134018 reads in 8.098 CPU sec, 7.709 real sec
[M::process] read 134020 sequences (10000000 bp)...
[M::mem_process_seqs] Processed 134012 reads in 7.933 CPU sec, 7.477 real sec
[M::process] read 134008 sequences (10000040 bp)...
[M::mem_process_seqs] Processed 134066 reads in 8.158 CPU sec, 7.722 real sec
[M::process] read 134060 sequences (10000044 bp)...
[M::mem_process_seqs] Processed 134022 reads in 8.178 CPU sec, 7.767 real sec
[M::process] read 134014 sequences (10000010 bp)...
[M::mem_process_seqs] Processed 134010 reads in 7.865 CPU sec, 7.435 real sec
[M::process] read 134012 sequences (10000133 bp)...
[M::mem_process_seqs] Processed 134050 reads in 8.315 CPU sec, 7.910 real sec
[M::process] read 134066 sequences (10000085 bp)...
[M::mem_process_seqs] Processed 134020 reads in 8.300 CPU sec, 7.919 real sec
[M::process] read 134014 sequences (10000029 bp)...
[M::mem_process_seqs] Processed 134008 reads in 7.931 CPU sec, 7.599 real sec
[M::process] read 134012 sequences (10000044 bp)...
[M::mem_process_seqs] Processed 134060 reads in 8.154 CPU sec, 7.699 real sec
[M::process] read 134060 sequences (10000098 bp)...
[M::mem_process_seqs] Processed 134014 reads in 8.229 CPU sec, 7.877 real sec
[M::process] read 134014 sequences (10000097 bp)...
[M::mem_process_seqs] Processed 134012 reads in 7.921 CPU sec, 7.652 real sec
[M::process] read 134008 sequences (10000122 bp)...
[M::mem_process_seqs] Processed 134066 reads in 8.167 CPU sec, 7.843 real sec
[M::process] read 134070 sequences (10000063 bp)...
[M::mem_process_seqs] Processed 134014 reads in 8.075 CPU sec, 7.684 real sec
[M::process] read 134012 sequences (10000075 bp)...
[M::mem_process_seqs] Processed 134012 reads in 8.002 CPU sec, 7.560 real sec
[M::process] read 134016 sequences (10000123 bp)...
[M::mem_process_seqs] Processed 134060 reads in 9.131 CPU sec, 8.712 real sec
[M::process] read 134054 sequences (10000131 bp)...
[M::mem_process_seqs] Processed 134014 reads in 8.244 CPU sec, 7.806 real sec
[M::process] read 134012 sequences (10000046 bp)...
[M::mem_process_seqs] Processed 134008 reads in 8.279 CPU sec, 7.754 real sec
[M::process] read 134008 sequences (10000039 bp)...
[M::mem_process_seqs] Processed 134070 reads in 8.571 CPU sec, 8.155 real sec
[M::process] read 134068 sequences (10000145 bp)...
[M::mem_process_seqs] Processed 134012 reads in 8.109 CPU sec, 7.801 real sec
[M::process] read 134012 sequences (10000125 bp)...
[M::mem_process_seqs] Processed 134016 reads in 8.208 CPU sec, 7.786 real sec
[M::process] read 134012 sequences (10000040 bp)...
[M::mem_process_seqs] Processed 134054 reads in 7.957 CPU sec, 7.636 real sec
[M::process] read 134054 sequences (10000098 bp)...
[M::mem_process_seqs] Processed 134012 reads in 8.176 CPU sec, 7.725 real sec
[M::process] read 134014 sequences (10000112 bp)...
[M::mem_process_seqs] Processed 134008 reads in 7.911 CPU sec, 7.526 real sec
[M::process] read 134012 sequences (10000007 bp)...
[M::mem_process_seqs] Processed 134068 reads in 7.977 CPU sec, 7.553 real sec
[M::process] read 134048 sequences (10000108 bp)...
[M::mem_process_seqs] Processed 134012 reads in 8.084 CPU sec, 7.724 real sec
[M::process] read 134014 sequences (10000129 bp)...
[M::mem_process_seqs] Processed 134012 reads in 7.965 CPU sec, 8.159 real sec
[M::process] read 134006 sequences (10000083 bp)...
[M::mem_process_seqs] Processed 134054 reads in 8.018 CPU sec, 7.816 real sec
[M::process] read 134064 sequences (10000102 bp)...
[M::mem_process_seqs] Processed 134014 reads in 7.996 CPU sec, 7.566 real sec
[M::process] read 134016 sequences (10000097 bp)...
[M::mem_process_seqs] Processed 134012 reads in 8.860 CPU sec, 8.433 real sec
[M::process] read 134010 sequences (10000001 bp)...
[M::mem_process_seqs] Processed 134048 reads in 7.861 CPU sec, 7.452 real sec
[M::process] read 134068 sequences (10000137 bp)...
[M::mem_process_seqs] Processed 134014 reads in 8.029 CPU sec, 7.622 real sec
[M::process] read 134016 sequences (10000010 bp)...
[M::mem_process_seqs] Processed 134006 reads in 8.484 CPU sec, 8.467 real sec
[M::process] read 134004 sequences (10000031 bp)...
[M::mem_process_seqs] Processed 134064 reads in 8.165 CPU sec, 7.731 real sec
[M::process] read 134064 sequences (10000115 bp)...
[M::mem_process_seqs] Processed 134016 reads in 9.164 CPU sec, 8.752 real sec
[M::process] read 134008 sequences (10000055 bp)...
[M::mem_process_seqs] Processed 134010 reads in 7.843 CPU sec, 7.783 real sec
[M::process] read 134016 sequences (10000100 bp)...
[M::mem_process_seqs] Processed 134068 reads in 7.867 CPU sec, 7.460 real sec
[M::process] read 134072 sequences (10000118 bp)...
[M::mem_process_seqs] Processed 134016 reads in 8.526 CPU sec, 8.111 real sec
[M::process] read 134020 sequences (10000031 bp)...
[M::mem_process_seqs] Processed 134004 reads in 8.019 CPU sec, 7.568 real sec
[M::process] read 134008 sequences (10000015 bp)...
[M::mem_process_seqs] Processed 134064 reads in 8.132 CPU sec, 7.690 real sec
[M::process] read 134050 sequences (10000095 bp)...
[M::mem_process_seqs] Processed 134008 reads in 7.994 CPU sec, 7.556 real sec
[M::process] read 134016 sequences (10000082 bp)...
[M::mem_process_seqs] Processed 134016 reads in 7.899 CPU sec, 7.467 real sec
[M::process] read 134006 sequences (10000055 bp)...
[M::mem_process_seqs] Processed 134072 reads in 8.035 CPU sec, 7.742 real sec
[M::process] read 134050 sequences (10000070 bp)...
[M::mem_process_seqs] Processed 134020 reads in 7.846 CPU sec, 7.515 real sec
[M::process] read 134024 sequences (10000101 bp)...
[M::mem_process_seqs] Processed 134008 reads in 8.013 CPU sec, 7.571 real sec
[M::process] read 134016 sequences (10000031 bp)...
[M::mem_process_seqs] Processed 134050 reads in 8.201 CPU sec, 7.867 real sec
[M::process] read 134054 sequences (10000141 bp)...
[M::mem_process_seqs] Processed 134016 reads in 8.111 CPU sec, 7.656 real sec
[M::process] read 134012 sequences (10000060 bp)...
[M::mem_process_seqs] Processed 134006 reads in 8.055 CPU sec, 7.619 real sec
[M::process] read 134020 sequences (10000091 bp)...
[M::mem_process_seqs] Processed 134050 reads in 7.990 CPU sec, 7.585 real sec
[M::process] read 134068 sequences (10000115 bp)...
[M::mem_process_seqs] Processed 134024 reads in 7.947 CPU sec, 7.495 real sec
[M::process] read 134008 sequences (10000024 bp)...
[M::mem_process_seqs] Processed 134016 reads in 7.897 CPU sec, 7.445 real sec
[M::process] read 134010 sequences (10000105 bp)...
[M::mem_process_seqs] Processed 134054 reads in 7.918 CPU sec, 7.497 real sec
[M::process] read 134058 sequences (10000038 bp)...
[M::mem_process_seqs] Processed 134012 reads in 8.015 CPU sec, 7.596 real sec
[M::process] read 134018 sequences (10000099 bp)...
[M::mem_process_seqs] Processed 134020 reads in 7.718 CPU sec, 7.365 real sec
[M::process] read 134014 sequences (10000121 bp)...
[M::mem_process_seqs] Processed 134068 reads in 7.694 CPU sec, 7.358 real sec
[M::process] read 134070 sequences (10000005 bp)...
[M::mem_process_seqs] Processed 134008 reads in 7.933 CPU sec, 7.523 real sec
[M::process] read 134010 sequences (10000048 bp)...
[M::mem_process_seqs] Processed 134010 reads in 7.856 CPU sec, 7.482 real sec
[M::process] read 134006 sequences (10000086 bp)...
[M::mem_process_seqs] Processed 134058 reads in 7.946 CPU sec, 7.524 real sec
[M::process] read 134064 sequences (10000102 bp)...
[M::mem_process_seqs] Processed 134018 reads in 7.785 CPU sec, 7.365 real sec
[M::process] read 134014 sequences (10000139 bp)...
[M::mem_process_seqs] Processed 134014 reads in 7.768 CPU sec, 7.586 real sec
[M::process] read 134006 sequences (10000030 bp)...
[M::mem_process_seqs] Processed 134070 reads in 7.657 CPU sec, 7.278 real sec
[M::process] read 134062 sequences (10000017 bp)...
[M::mem_process_seqs] Processed 134010 reads in 8.129 CPU sec, 8.012 real sec
[M::process] read 134024 sequences (10000065 bp)...
[M::mem_process_seqs] Processed 134006 reads in 7.828 CPU sec, 7.448 real sec
[M::process] read 134008 sequences (10000123 bp)...
[M::mem_process_seqs] Processed 134064 reads in 8.094 CPU sec, 7.676 real sec
[M::process] read 134066 sequences (10000019 bp)...
[M::mem_process_seqs] Processed 134014 reads in 7.739 CPU sec, 7.341 real sec
[M::process] read 134016 sequences (10000004 bp)...
[M::mem_process_seqs] Processed 134006 reads in 7.791 CPU sec, 7.370 real sec
[M::process] read 134018 sequences (10000147 bp)...
[M::mem_process_seqs] Processed 134062 reads in 7.804 CPU sec, 7.521 real sec
[M::process] read 134046 sequences (10000075 bp)...
[M::mem_process_seqs] Processed 134024 reads in 7.801 CPU sec, 7.401 real sec
[M::process] read 134012 sequences (10000049 bp)...
[M::mem_process_seqs] Processed 134008 reads in 7.754 CPU sec, 7.313 real sec
[M::process] read 134010 sequences (10000112 bp)...
[M::mem_process_seqs] Processed 134066 reads in 7.926 CPU sec, 7.467 real sec
[M::process] read 134058 sequences (10000017 bp)...
[M::mem_process_seqs] Processed 134016 reads in 7.745 CPU sec, 7.321 real sec
[M::process] read 134012 sequences (10000046 bp)...
[M::mem_process_seqs] Processed 134018 reads in 7.867 CPU sec, 7.427 real sec
[M::process] read 134004 sequences (10000018 bp)...
[M::mem_process_seqs] Processed 134046 reads in 7.986 CPU sec, 7.553 real sec
[M::process] read 134050 sequences (10000132 bp)...
[M::mem_process_seqs] Processed 134012 reads in 7.740 CPU sec, 7.355 real sec
[M::process] read 134022 sequences (10000066 bp)...
[M::mem_process_seqs] Processed 134010 reads in 7.847 CPU sec, 7.635 real sec
[M::process] read 134016 sequences (10000083 bp)...
[M::mem_process_seqs] Processed 134058 reads in 7.961 CPU sec, 7.808 real sec
[M::process] read 134056 sequences (10000100 bp)...
[M::mem_process_seqs] Processed 134012 reads in 7.755 CPU sec, 7.356 real sec
[M::process] read 134016 sequences (10000072 bp)...
[M::mem_process_seqs] Processed 134004 reads in 7.849 CPU sec, 7.715 real sec
[M::process] read 134014 sequences (10000044 bp)...
[M::mem_process_seqs] Processed 134050 reads in 7.846 CPU sec, 7.465 real sec
[M::process] read 134050 sequences (10000037 bp)...
[M::mem_process_seqs] Processed 134022 reads in 7.819 CPU sec, 7.420 real sec
[M::process] read 134026 sequences (10000027 bp)...
[M::mem_process_seqs] Processed 134016 reads in 7.875 CPU sec, 7.442 real sec
[M::process] read 134014 sequences (10000105 bp)...
[M::mem_process_seqs] Processed 134056 reads in 7.868 CPU sec, 7.434 real sec
[M::process] read 134068 sequences (10000136 bp)...
[M::mem_process_seqs] Processed 134016 reads in 7.903 CPU sec, 7.481 real sec
[M::process] read 134022 sequences (10000105 bp)...
[M::mem_process_seqs] Processed 134014 reads in 7.811 CPU sec, 7.639 real sec
[M::process] read 134008 sequences (10000048 bp)...
[M::mem_process_seqs] Processed 134050 reads in 8.172 CPU sec, 7.836 real sec
[M::process] read 134068 sequences (10000048 bp)...
[M::mem_process_seqs] Processed 134026 reads in 7.739 CPU sec, 7.351 real sec
[M::process] read 134024 sequences (10000021 bp)...
[M::mem_process_seqs] Processed 134014 reads in 7.880 CPU sec, 7.426 real sec
[M::process] read 134010 sequences (10000126 bp)...
[M::mem_process_seqs] Processed 134068 reads in 8.514 CPU sec, 8.076 real sec
[M::process] read 134074 sequences (10000066 bp)...
[M::mem_process_seqs] Processed 134022 reads in 7.886 CPU sec, 7.459 real sec
[M::process] read 134018 sequences (10000094 bp)...
[M::mem_process_seqs] Processed 134008 reads in 7.885 CPU sec, 7.487 real sec
[M::process] read 134018 sequences (10000116 bp)...
[M::mem_process_seqs] Processed 134068 reads in 7.745 CPU sec, 7.411 real sec
[M::process] read 93546 sequences (6976988 bp)...
[M::mem_process_seqs] Processed 134024 reads in 7.890 CPU sec, 7.806 real sec
[M::process] read 134020 sequences (10000051 bp)...
[M::mem_process_seqs] Processed 134010 reads in 7.910 CPU sec, 7.475 real sec
[M::process] read 134012 sequences (10000011 bp)...
[M::mem_process_seqs] Processed 134074 reads in 7.897 CPU sec, 7.874 real sec
[M::mem_process_seqs] Processed 134018 reads in 7.849 CPU sec, 7.427 real sec
[M::process] read 134022 sequences (10000113 bp)...
[M::mem_process_seqs] Processed 134018 reads in 7.945 CPU sec, 7.626 real sec
[M::process] read 134006 sequences (10000040 bp)...
[M::mem_process_seqs] Processed 93546 reads in 5.367 CPU sec, 5.205 real sec
[main] Version: 0.7.17-r1188
[main] CMD: bwa mem ../input_data/HP126_assembly.fasta /crex/proj/uppmax2024-2-7/Genome_Analysis/2_Beganovic_2023/RNA_reads/SRR24516461_1.fastq.gz
[main] Real time: 581.114 sec; CPU: 606.759 sec
[M::mem_process_seqs] Processed 134020 reads in 7.808 CPU sec, 7.409 real sec
[M::process] read 134012 sequences (10000015 bp)...
[M::mem_process_seqs] Processed 134012 reads in 8.011 CPU sec, 7.584 real sec
[M::process] read 134016 sequences (10000092 bp)...
[M::mem_process_seqs] Processed 134022 reads in 8.129 CPU sec, 7.686 real sec
[M::process] read 134014 sequences (10000097 bp)...
[M::mem_process_seqs] Processed 134006 reads in 7.592 CPU sec, 7.162 real sec
[M::process] read 134012 sequences (10000062 bp)...
[M::mem_process_seqs] Processed 134012 reads in 7.797 CPU sec, 7.366 real sec
[M::process] read 134016 sequences (10000034 bp)...
[M::mem_process_seqs] Processed 134016 reads in 8.093 CPU sec, 7.660 real sec
[M::process] read 134010 sequences (10000139 bp)...
[M::mem_process_seqs] Processed 134014 reads in 7.996 CPU sec, 7.546 real sec
[M::process] read 134012 sequences (10000018 bp)...
[M::mem_process_seqs] Processed 134012 reads in 8.016 CPU sec, 7.607 real sec
[M::process] read 134020 sequences (10000110 bp)...
[M::mem_process_seqs] Processed 134016 reads in 7.927 CPU sec, 7.490 real sec
[M::process] read 134020 sequences (10000108 bp)...
[M::mem_process_seqs] Processed 134010 reads in 7.511 CPU sec, 7.080 real sec
[M::process] read 113578 sequences (8475538 bp)...
[M::mem_process_seqs] Processed 134012 reads in 8.427 CPU sec, 8.001 real sec
[M::process] read 134020 sequences (10000080 bp)...
[M::mem_process_seqs] Processed 134020 reads in 7.441 CPU sec, 7.085 real sec
[M::mem_process_seqs] Processed 113578 reads in 6.107 CPU sec, 5.927 real sec
[main] Version: 0.7.17-r1188
[main] CMD: bwa mem ../input_data/HP126_assembly.fasta /crex/proj/uppmax2024-2-7/Genome_Analysis/2_Beganovic_2023/RNA_reads/SRR24516460_1.fastq.gz
[main] Real time: 629.678 sec; CPU: 657.100 sec
[M::mem_process_seqs] Processed 134020 reads in 8.278 CPU sec, 7.856 real sec
[M::process] read 134016 sequences (10000086 bp)...
[M::mem_process_seqs] Processed 134020 reads in 7.838 CPU sec, 7.398 real sec
[M::process] read 124820 sequences (9313869 bp)...
[M::mem_process_seqs] Processed 134016 reads in 7.720 CPU sec, 7.332 real sec
[M::mem_process_seqs] Processed 124820 reads in 6.975 CPU sec, 6.762 real sec
[main] Version: 0.7.17-r1188
[main] CMD: bwa mem ../input_data/HP126_assembly.fasta /crex/proj/uppmax2024-2-7/Genome_Analysis/2_Beganovic_2023/RNA_reads/SRR24516459_1.fastq.gz
[main] Real time: 651.450 sec; CPU: 681.227 sec
[bam_sort_core] merging from 3 files and 1 in-memory blocks...
[bam_sort_core] merging from 3 files and 1 in-memory blocks...
[bam_sort_core] merging from 3 files and 1 in-memory blocks...
