Usage: java -jar $PILON_HOME/pilon.jar other-options...
[bwa_index] Pack FASTA... 0.08 sec
[bwa_index] Construct BWT for the packed sequence...
[bwa_index] 4.32 seconds elapse.
[bwa_index] Update BWT... 0.05 sec
[bwa_index] Pack forward-only FASTA... 0.04 sec
[bwa_index] Construct SA from BWT and Occ... 1.20 sec
[main] Version: 0.7.17-r1188
[main] CMD: bwa index ../input_data/HP126_flye_assembly.fasta
[main] Real time: 5.997 sec; CPU: 5.704 sec
[M::bwa_idx_load_from_disk] read 0 ALT contigs
[M::process] read 41622 sequences (10000206 bp)...
[M::process] read 41584 sequences (10000210 bp)...
[M::mem_pestat] # candidate unique pairs for (FF, FR, RF, RR): (0, 20542, 0, 0)
[M::mem_pestat] skip orientation FF as there are not enough pairs
[M::mem_pestat] analyzing insert size distribution for orientation FR...
[M::mem_pestat] (25, 50, 75) percentile: (343, 396, 458)
[M::mem_pestat] low and high boundaries for computing mean and std.dev: (113, 688)
[M::mem_pestat] mean and std.dev: (402.54, 90.12)
[M::mem_pestat] low and high boundaries for proper pairs: (1, 803)
[M::mem_pestat] skip orientation RF as there are not enough pairs
[M::mem_pestat] skip orientation RR as there are not enough pairs
[M::mem_process_seqs] Processed 41622 reads in 4.879 CPU sec, 4.721 real sec
[M::process] read 40902 sequences (10000096 bp)...
[M::mem_pestat] # candidate unique pairs for (FF, FR, RF, RR): (0, 20505, 0, 0)
[M::mem_pestat] skip orientation FF as there are not enough pairs
[M::mem_pestat] analyzing insert size distribution for orientation FR...
[M::mem_pestat] (25, 50, 75) percentile: (343, 397, 460)
[M::mem_pestat] low and high boundaries for computing mean and std.dev: (109, 694)
[M::mem_pestat] mean and std.dev: (402.56, 90.35)
[M::mem_pestat] low and high boundaries for proper pairs: (1, 811)
[M::mem_pestat] skip orientation RF as there are not enough pairs
[M::mem_pestat] skip orientation RR as there are not enough pairs
[M::mem_process_seqs] Processed 41584 reads in 4.990 CPU sec, 4.773 real sec
[M::process] read 40582 sequences (10000250 bp)...
[M::mem_pestat] # candidate unique pairs for (FF, FR, RF, RR): (0, 20183, 0, 0)
[M::mem_pestat] skip orientation FF as there are not enough pairs
[M::mem_pestat] analyzing insert size distribution for orientation FR...
[M::mem_pestat] (25, 50, 75) percentile: (343, 398, 460)
[M::mem_pestat] low and high boundaries for computing mean and std.dev: (109, 694)
[M::mem_pestat] mean and std.dev: (403.05, 90.28)
[M::mem_pestat] low and high boundaries for proper pairs: (1, 811)
[M::mem_pestat] skip orientation RF as there are not enough pairs
[M::mem_pestat] skip orientation RR as there are not enough pairs
[M::mem_process_seqs] Processed 40902 reads in 4.898 CPU sec, 4.678 real sec
[M::process] read 41230 sequences (10000241 bp)...
[M::mem_pestat] # candidate unique pairs for (FF, FR, RF, RR): (2, 20009, 0, 0)
[M::mem_pestat] skip orientation FF as there are not enough pairs
[M::mem_pestat] analyzing insert size distribution for orientation FR...
[M::mem_pestat] (25, 50, 75) percentile: (344, 399, 462)
[M::mem_pestat] low and high boundaries for computing mean and std.dev: (108, 698)
[M::mem_pestat] mean and std.dev: (404.70, 89.52)
[M::mem_pestat] low and high boundaries for proper pairs: (1, 816)
[M::mem_pestat] skip orientation RF as there are not enough pairs
[M::mem_pestat] skip orientation RR as there are not enough pairs
[M::mem_process_seqs] Processed 40582 reads in 4.842 CPU sec, 4.632 real sec
[M::process] read 41266 sequences (10000064 bp)...
[M::mem_pestat] # candidate unique pairs for (FF, FR, RF, RR): (0, 20328, 0, 0)
[M::mem_pestat] skip orientation FF as there are not enough pairs
[M::mem_pestat] analyzing insert size distribution for orientation FR...
[M::mem_pestat] (25, 50, 75) percentile: (345, 399, 462)
[M::mem_pestat] low and high boundaries for computing mean and std.dev: (111, 696)
[M::mem_pestat] mean and std.dev: (405.08, 89.98)
[M::mem_pestat] low and high boundaries for proper pairs: (1, 813)
[M::mem_pestat] skip orientation RF as there are not enough pairs
[M::mem_pestat] skip orientation RR as there are not enough pairs
[M::mem_process_seqs] Processed 41230 reads in 4.812 CPU sec, 4.595 real sec
[M::process] read 41148 sequences (10000257 bp)...
[M::mem_pestat] # candidate unique pairs for (FF, FR, RF, RR): (1, 20333, 0, 0)
[M::mem_pestat] skip orientation FF as there are not enough pairs
[M::mem_pestat] analyzing insert size distribution for orientation FR...
[M::mem_pestat] (25, 50, 75) percentile: (345, 400, 464)
[M::mem_pestat] low and high boundaries for computing mean and std.dev: (107, 702)
[M::mem_pestat] mean and std.dev: (406.00, 90.57)
[M::mem_pestat] low and high boundaries for proper pairs: (1, 821)
[M::mem_pestat] skip orientation RF as there are not enough pairs
[M::mem_pestat] skip orientation RR as there are not enough pairs
[M::mem_process_seqs] Processed 41266 reads in 5.167 CPU sec, 4.960 real sec
[M::process] read 40244 sequences (10000490 bp)...
[M::mem_pestat] # candidate unique pairs for (FF, FR, RF, RR): (0, 20300, 0, 0)
[M::mem_pestat] skip orientation FF as there are not enough pairs
[M::mem_pestat] analyzing insert size distribution for orientation FR...
[M::mem_pestat] (25, 50, 75) percentile: (346, 401, 463)
[M::mem_pestat] low and high boundaries for computing mean and std.dev: (112, 697)
[M::mem_pestat] mean and std.dev: (405.71, 90.11)
[M::mem_pestat] low and high boundaries for proper pairs: (1, 814)
[M::mem_pestat] skip orientation RF as there are not enough pairs
[M::mem_pestat] skip orientation RR as there are not enough pairs
[M::mem_process_seqs] Processed 41148 reads in 5.033 CPU sec, 4.816 real sec
[M::process] read 41296 sequences (10000409 bp)...
[M::mem_pestat] # candidate unique pairs for (FF, FR, RF, RR): (0, 19855, 0, 0)
[M::mem_pestat] skip orientation FF as there are not enough pairs
[M::mem_pestat] analyzing insert size distribution for orientation FR...
[M::mem_pestat] (25, 50, 75) percentile: (344, 400, 463)
[M::mem_pestat] low and high boundaries for computing mean and std.dev: (106, 701)
[M::mem_pestat] mean and std.dev: (405.31, 90.66)
[M::mem_pestat] low and high boundaries for proper pairs: (1, 820)
[M::mem_pestat] skip orientation RF as there are not enough pairs
[M::mem_pestat] skip orientation RR as there are not enough pairs
[M::mem_process_seqs] Processed 40244 reads in 4.959 CPU sec, 4.747 real sec
[M::process] read 41400 sequences (10000227 bp)...
[M::mem_pestat] # candidate unique pairs for (FF, FR, RF, RR): (0, 20380, 0, 0)
[M::mem_pestat] skip orientation FF as there are not enough pairs
[M::mem_pestat] analyzing insert size distribution for orientation FR...
[M::mem_pestat] (25, 50, 75) percentile: (344, 398, 461)
[M::mem_pestat] low and high boundaries for computing mean and std.dev: (110, 695)
[M::mem_pestat] mean and std.dev: (403.94, 89.85)
[M::mem_pestat] low and high boundaries for proper pairs: (1, 812)
[M::mem_pestat] skip orientation RF as there are not enough pairs
[M::mem_pestat] skip orientation RR as there are not enough pairs
[M::mem_process_seqs] Processed 41296 reads in 5.054 CPU sec, 4.840 real sec
[M::process] read 41014 sequences (10000034 bp)...
[M::mem_pestat] # candidate unique pairs for (FF, FR, RF, RR): (0, 20378, 0, 0)
[M::mem_pestat] skip orientation FF as there are not enough pairs
[M::mem_pestat] analyzing insert size distribution for orientation FR...
[M::mem_pestat] (25, 50, 75) percentile: (346, 399, 463)
[M::mem_pestat] low and high boundaries for computing mean and std.dev: (112, 697)
[M::mem_pestat] mean and std.dev: (405.57, 90.44)
[M::mem_pestat] low and high boundaries for proper pairs: (1, 814)
[M::mem_pestat] skip orientation RF as there are not enough pairs
[M::mem_pestat] skip orientation RR as there are not enough pairs
[M::mem_process_seqs] Processed 41400 reads in 5.062 CPU sec, 4.850 real sec
[M::process] read 40702 sequences (10000218 bp)...
[M::mem_pestat] # candidate unique pairs for (FF, FR, RF, RR): (0, 20247, 0, 0)
[M::mem_pestat] skip orientation FF as there are not enough pairs
[M::mem_pestat] analyzing insert size distribution for orientation FR...
[M::mem_pestat] (25, 50, 75) percentile: (345, 399, 461)
[M::mem_pestat] low and high boundaries for computing mean and std.dev: (113, 693)
[M::mem_pestat] mean and std.dev: (404.73, 90.00)
[M::mem_pestat] low and high boundaries for proper pairs: (1, 809)
[M::mem_pestat] skip orientation RF as there are not enough pairs
[M::mem_pestat] skip orientation RR as there are not enough pairs
[M::mem_process_seqs] Processed 41014 reads in 4.984 CPU sec, 4.767 real sec
[M::process] read 41426 sequences (10000255 bp)...
[M::mem_pestat] # candidate unique pairs for (FF, FR, RF, RR): (0, 20092, 0, 0)
[M::mem_pestat] skip orientation FF as there are not enough pairs
[M::mem_pestat] analyzing insert size distribution for orientation FR...
[M::mem_pestat] (25, 50, 75) percentile: (345, 398, 460)
[M::mem_pestat] low and high boundaries for computing mean and std.dev: (115, 690)
[M::mem_pestat] mean and std.dev: (403.69, 88.95)
[M::mem_pestat] low and high boundaries for proper pairs: (1, 805)
[M::mem_pestat] skip orientation RF as there are not enough pairs
[M::mem_pestat] skip orientation RR as there are not enough pairs
[M::mem_process_seqs] Processed 40702 reads in 5.081 CPU sec, 4.868 real sec
[M::process] read 41448 sequences (10000189 bp)...
[M::mem_pestat] # candidate unique pairs for (FF, FR, RF, RR): (0, 20463, 0, 0)
[M::mem_pestat] skip orientation FF as there are not enough pairs
[M::mem_pestat] analyzing insert size distribution for orientation FR...
[M::mem_pestat] (25, 50, 75) percentile: (344, 399, 462)
[M::mem_pestat] low and high boundaries for computing mean and std.dev: (108, 698)
[M::mem_pestat] mean and std.dev: (404.43, 90.39)
[M::mem_pestat] low and high boundaries for proper pairs: (1, 816)
[M::mem_pestat] skip orientation RF as there are not enough pairs
[M::mem_pestat] skip orientation RR as there are not enough pairs
[M::mem_process_seqs] Processed 41426 reads in 4.984 CPU sec, 4.767 real sec
[M::process] read 40656 sequences (10000073 bp)...
[M::mem_pestat] # candidate unique pairs for (FF, FR, RF, RR): (0, 20435, 0, 0)
[M::mem_pestat] skip orientation FF as there are not enough pairs
[M::mem_pestat] analyzing insert size distribution for orientation FR...
[M::mem_pestat] (25, 50, 75) percentile: (345, 400, 462)
[M::mem_pestat] low and high boundaries for computing mean and std.dev: (111, 696)
[M::mem_pestat] mean and std.dev: (405.20, 90.27)
[M::mem_pestat] low and high boundaries for proper pairs: (1, 813)
[M::mem_pestat] skip orientation RF as there are not enough pairs
[M::mem_pestat] skip orientation RR as there are not enough pairs
[M::mem_process_seqs] Processed 41448 reads in 5.174 CPU sec, 4.962 real sec
[M::process] read 41392 sequences (10000329 bp)...
[M::mem_pestat] # candidate unique pairs for (FF, FR, RF, RR): (0, 20051, 0, 0)
[M::mem_pestat] skip orientation FF as there are not enough pairs
[M::mem_pestat] analyzing insert size distribution for orientation FR...
[M::mem_pestat] (25, 50, 75) percentile: (343, 398, 461)
[M::mem_pestat] low and high boundaries for computing mean and std.dev: (107, 697)
[M::mem_pestat] mean and std.dev: (403.63, 90.02)
[M::mem_pestat] low and high boundaries for proper pairs: (1, 815)
[M::mem_pestat] skip orientation RF as there are not enough pairs
[M::mem_pestat] skip orientation RR as there are not enough pairs
[M::mem_process_seqs] Processed 40656 reads in 4.838 CPU sec, 4.623 real sec
[M::process] read 41602 sequences (10000144 bp)...
[M::mem_pestat] # candidate unique pairs for (FF, FR, RF, RR): (0, 20398, 0, 0)
[M::mem_pestat] skip orientation FF as there are not enough pairs
[M::mem_pestat] analyzing insert size distribution for orientation FR...
[M::mem_pestat] (25, 50, 75) percentile: (343, 399, 460)
[M::mem_pestat] low and high boundaries for computing mean and std.dev: (109, 694)
[M::mem_pestat] mean and std.dev: (403.27, 89.62)
[M::mem_pestat] low and high boundaries for proper pairs: (1, 811)
[M::mem_pestat] skip orientation RF as there are not enough pairs
[M::mem_pestat] skip orientation RR as there are not enough pairs
[M::mem_process_seqs] Processed 41392 reads in 4.988 CPU sec, 4.828 real sec
[M::process] read 41446 sequences (10000396 bp)...
[M::mem_pestat] # candidate unique pairs for (FF, FR, RF, RR): (0, 20528, 0, 0)
[M::mem_pestat] skip orientation FF as there are not enough pairs
[M::mem_pestat] analyzing insert size distribution for orientation FR...
[M::mem_pestat] (25, 50, 75) percentile: (344, 399, 462)
[M::mem_pestat] low and high boundaries for computing mean and std.dev: (108, 698)
[M::mem_pestat] mean and std.dev: (404.46, 89.99)
[M::mem_pestat] low and high boundaries for proper pairs: (1, 816)
[M::mem_pestat] skip orientation RF as there are not enough pairs
[M::mem_pestat] skip orientation RR as there are not enough pairs
[M::mem_process_seqs] Processed 41602 reads in 4.930 CPU sec, 4.729 real sec
[M::process] read 40426 sequences (10000479 bp)...
[M::mem_pestat] # candidate unique pairs for (FF, FR, RF, RR): (0, 20434, 0, 0)
[M::mem_pestat] skip orientation FF as there are not enough pairs
[M::mem_pestat] analyzing insert size distribution for orientation FR...
[M::mem_pestat] (25, 50, 75) percentile: (344, 398, 459)
[M::mem_pestat] low and high boundaries for computing mean and std.dev: (114, 689)
[M::mem_pestat] mean and std.dev: (403.21, 88.94)
[M::mem_pestat] low and high boundaries for proper pairs: (1, 804)
[M::mem_pestat] skip orientation RF as there are not enough pairs
[M::mem_pestat] skip orientation RR as there are not enough pairs
[M::mem_process_seqs] Processed 41446 reads in 5.115 CPU sec, 4.911 real sec
[M::process] read 41712 sequences (10000089 bp)...
[M::mem_pestat] # candidate unique pairs for (FF, FR, RF, RR): (0, 19949, 0, 0)
[M::mem_pestat] skip orientation FF as there are not enough pairs
[M::mem_pestat] analyzing insert size distribution for orientation FR...
[M::mem_pestat] (25, 50, 75) percentile: (346, 400, 463)
[M::mem_pestat] low and high boundaries for computing mean and std.dev: (112, 697)
[M::mem_pestat] mean and std.dev: (405.34, 89.67)
[M::mem_pestat] low and high boundaries for proper pairs: (1, 814)
[M::mem_pestat] skip orientation RF as there are not enough pairs
[M::mem_pestat] skip orientation RR as there are not enough pairs
[M::mem_process_seqs] Processed 40426 reads in 5.182 CPU sec, 4.960 real sec
[M::process] read 41696 sequences (10000211 bp)...
[M::mem_pestat] # candidate unique pairs for (FF, FR, RF, RR): (0, 20581, 0, 0)
[M::mem_pestat] skip orientation FF as there are not enough pairs
[M::mem_pestat] analyzing insert size distribution for orientation FR...
[M::mem_pestat] (25, 50, 75) percentile: (346, 400, 462)
[M::mem_pestat] low and high boundaries for computing mean and std.dev: (114, 694)
[M::mem_pestat] mean and std.dev: (405.45, 89.25)
[M::mem_pestat] low and high boundaries for proper pairs: (1, 810)
[M::mem_pestat] skip orientation RF as there are not enough pairs
[M::mem_pestat] skip orientation RR as there are not enough pairs
[M::mem_process_seqs] Processed 41712 reads in 5.740 CPU sec, 5.541 real sec
[M::process] read 41204 sequences (10000410 bp)...
[M::mem_pestat] # candidate unique pairs for (FF, FR, RF, RR): (0, 20581, 0, 0)
[M::mem_pestat] skip orientation FF as there are not enough pairs
[M::mem_pestat] analyzing insert size distribution for orientation FR...
[M::mem_pestat] (25, 50, 75) percentile: (345, 400, 460)
[M::mem_pestat] low and high boundaries for computing mean and std.dev: (115, 690)
[M::mem_pestat] mean and std.dev: (404.36, 88.62)
[M::mem_pestat] low and high boundaries for proper pairs: (1, 805)
[M::mem_pestat] skip orientation RF as there are not enough pairs
[M::mem_pestat] skip orientation RR as there are not enough pairs
[M::mem_process_seqs] Processed 41696 reads in 5.504 CPU sec, 5.279 real sec
[M::process] read 40298 sequences (10000058 bp)...
[M::mem_pestat] # candidate unique pairs for (FF, FR, RF, RR): (0, 20325, 0, 0)
[M::mem_pestat] skip orientation FF as there are not enough pairs
[M::mem_pestat] analyzing insert size distribution for orientation FR...
[M::mem_pestat] (25, 50, 75) percentile: (344, 399, 463)
[M::mem_pestat] low and high boundaries for computing mean and std.dev: (106, 701)
[M::mem_pestat] mean and std.dev: (405.42, 91.27)
[M::mem_pestat] low and high boundaries for proper pairs: (1, 820)
[M::mem_pestat] skip orientation RF as there are not enough pairs
[M::mem_pestat] skip orientation RR as there are not enough pairs
[M::mem_process_seqs] Processed 41204 reads in 4.936 CPU sec, 4.735 real sec
[M::process] read 41378 sequences (10000507 bp)...
[M::mem_pestat] # candidate unique pairs for (FF, FR, RF, RR): (0, 19865, 0, 0)
[M::mem_pestat] skip orientation FF as there are not enough pairs
[M::mem_pestat] analyzing insert size distribution for orientation FR...
[M::mem_pestat] (25, 50, 75) percentile: (346, 400, 463)
[M::mem_pestat] low and high boundaries for computing mean and std.dev: (112, 697)
[M::mem_pestat] mean and std.dev: (406.17, 89.75)
[M::mem_pestat] low and high boundaries for proper pairs: (1, 814)
[M::mem_pestat] skip orientation RF as there are not enough pairs
[M::mem_pestat] skip orientation RR as there are not enough pairs
[M::mem_process_seqs] Processed 40298 reads in 5.060 CPU sec, 4.835 real sec
[M::process] read 40936 sequences (10000028 bp)...
[M::mem_pestat] # candidate unique pairs for (FF, FR, RF, RR): (0, 20371, 0, 0)
[M::mem_pestat] skip orientation FF as there are not enough pairs
[M::mem_pestat] analyzing insert size distribution for orientation FR...
[M::mem_pestat] (25, 50, 75) percentile: (346, 403, 464)
[M::mem_pestat] low and high boundaries for computing mean and std.dev: (110, 700)
[M::mem_pestat] mean and std.dev: (407.29, 90.85)
[M::mem_pestat] low and high boundaries for proper pairs: (1, 818)
[M::mem_pestat] skip orientation RF as there are not enough pairs
[M::mem_pestat] skip orientation RR as there are not enough pairs
[M::mem_process_seqs] Processed 41378 reads in 5.118 CPU sec, 4.916 real sec
[M::process] read 38876 sequences (10000460 bp)...
[M::mem_pestat] # candidate unique pairs for (FF, FR, RF, RR): (0, 20218, 0, 0)
[M::mem_pestat] skip orientation FF as there are not enough pairs
[M::mem_pestat] analyzing insert size distribution for orientation FR...
[M::mem_pestat] (25, 50, 75) percentile: (345, 400, 463)
[M::mem_pestat] low and high boundaries for computing mean and std.dev: (109, 699)
[M::mem_pestat] mean and std.dev: (405.46, 90.08)
[M::mem_pestat] low and high boundaries for proper pairs: (1, 817)
[M::mem_pestat] skip orientation RF as there are not enough pairs
[M::mem_pestat] skip orientation RR as there are not enough pairs
[M::mem_process_seqs] Processed 40936 reads in 5.320 CPU sec, 5.101 real sec
[M::process] read 41504 sequences (10000183 bp)...
[M::mem_pestat] # candidate unique pairs for (FF, FR, RF, RR): (0, 19204, 0, 0)
[M::mem_pestat] skip orientation FF as there are not enough pairs
[M::mem_pestat] analyzing insert size distribution for orientation FR...
[M::mem_pestat] (25, 50, 75) percentile: (343, 399, 462)
[M::mem_pestat] low and high boundaries for computing mean and std.dev: (105, 700)
[M::mem_pestat] mean and std.dev: (404.80, 91.37)
[M::mem_pestat] low and high boundaries for proper pairs: (1, 819)
[M::mem_pestat] skip orientation RF as there are not enough pairs
[M::mem_pestat] skip orientation RR as there are not enough pairs
[M::mem_process_seqs] Processed 38876 reads in 4.846 CPU sec, 4.642 real sec
[M::process] read 41368 sequences (10000367 bp)...
[M::mem_pestat] # candidate unique pairs for (FF, FR, RF, RR): (0, 20464, 0, 0)
[M::mem_pestat] skip orientation FF as there are not enough pairs
[M::mem_pestat] analyzing insert size distribution for orientation FR...
[M::mem_pestat] (25, 50, 75) percentile: (345, 399, 463)
[M::mem_pestat] low and high boundaries for computing mean and std.dev: (109, 699)
[M::mem_pestat] mean and std.dev: (405.12, 89.95)
[M::mem_pestat] low and high boundaries for proper pairs: (1, 817)
[M::mem_pestat] skip orientation RF as there are not enough pairs
[M::mem_pestat] skip orientation RR as there are not enough pairs
[M::mem_process_seqs] Processed 41504 reads in 4.990 CPU sec, 4.767 real sec
[M::process] read 39378 sequences (10000179 bp)...
[M::mem_pestat] # candidate unique pairs for (FF, FR, RF, RR): (0, 20401, 0, 0)
[M::mem_pestat] skip orientation FF as there are not enough pairs
[M::mem_pestat] analyzing insert size distribution for orientation FR...
[M::mem_pestat] (25, 50, 75) percentile: (344, 398, 458)
[M::mem_pestat] low and high boundaries for computing mean and std.dev: (116, 686)
[M::mem_pestat] mean and std.dev: (402.70, 88.10)
[M::mem_pestat] low and high boundaries for proper pairs: (2, 800)
[M::mem_pestat] skip orientation RF as there are not enough pairs
[M::mem_pestat] skip orientation RR as there are not enough pairs
[M::mem_process_seqs] Processed 41368 reads in 4.863 CPU sec, 4.663 real sec
[M::process] read 39988 sequences (10000343 bp)...
[M::mem_pestat] # candidate unique pairs for (FF, FR, RF, RR): (0, 19413, 0, 0)
[M::mem_pestat] skip orientation FF as there are not enough pairs
[M::mem_pestat] analyzing insert size distribution for orientation FR...
[M::mem_pestat] (25, 50, 75) percentile: (344, 399, 461)
[M::mem_pestat] low and high boundaries for computing mean and std.dev: (110, 695)
[M::mem_pestat] mean and std.dev: (404.27, 90.54)
[M::mem_pestat] low and high boundaries for proper pairs: (1, 812)
[M::mem_pestat] skip orientation RF as there are not enough pairs
[M::mem_pestat] skip orientation RR as there are not enough pairs
[M::mem_process_seqs] Processed 39378 reads in 4.874 CPU sec, 4.652 real sec
[M::process] read 40420 sequences (10000404 bp)...
[M::mem_pestat] # candidate unique pairs for (FF, FR, RF, RR): (0, 19715, 0, 0)
[M::mem_pestat] skip orientation FF as there are not enough pairs
[M::mem_pestat] analyzing insert size distribution for orientation FR...
[M::mem_pestat] (25, 50, 75) percentile: (343, 397, 461)
[M::mem_pestat] low and high boundaries for computing mean and std.dev: (107, 697)
[M::mem_pestat] mean and std.dev: (403.05, 90.69)
[M::mem_pestat] low and high boundaries for proper pairs: (1, 815)
[M::mem_pestat] skip orientation RF as there are not enough pairs
[M::mem_pestat] skip orientation RR as there are not enough pairs
[M::mem_process_seqs] Processed 39988 reads in 5.104 CPU sec, 4.901 real sec
[M::process] read 39826 sequences (10000297 bp)...
[M::mem_pestat] # candidate unique pairs for (FF, FR, RF, RR): (0, 19959, 0, 0)
[M::mem_pestat] skip orientation FF as there are not enough pairs
[M::mem_pestat] analyzing insert size distribution for orientation FR...
[M::mem_pestat] (25, 50, 75) percentile: (344, 400, 463)
[M::mem_pestat] low and high boundaries for computing mean and std.dev: (106, 701)
[M::mem_pestat] mean and std.dev: (404.86, 91.01)
[M::mem_pestat] low and high boundaries for proper pairs: (1, 820)
[M::mem_pestat] skip orientation RF as there are not enough pairs
[M::mem_pestat] skip orientation RR as there are not enough pairs
[M::mem_process_seqs] Processed 40420 reads in 5.154 CPU sec, 4.934 real sec
[M::process] read 39854 sequences (10000242 bp)...
[M::mem_pestat] # candidate unique pairs for (FF, FR, RF, RR): (0, 19660, 0, 0)
[M::mem_pestat] skip orientation FF as there are not enough pairs
[M::mem_pestat] analyzing insert size distribution for orientation FR...
[M::mem_pestat] (25, 50, 75) percentile: (343, 398, 461)
[M::mem_pestat] low and high boundaries for computing mean and std.dev: (107, 697)
[M::mem_pestat] mean and std.dev: (403.82, 90.00)
[M::mem_pestat] low and high boundaries for proper pairs: (1, 815)
[M::mem_pestat] skip orientation RF as there are not enough pairs
[M::mem_pestat] skip orientation RR as there are not enough pairs
[M::mem_process_seqs] Processed 39826 reads in 4.909 CPU sec, 4.741 real sec
[M::process] read 40528 sequences (10000272 bp)...
[M::mem_pestat] # candidate unique pairs for (FF, FR, RF, RR): (0, 19668, 0, 0)
[M::mem_pestat] skip orientation FF as there are not enough pairs
[M::mem_pestat] analyzing insert size distribution for orientation FR...
[M::mem_pestat] (25, 50, 75) percentile: (343, 398, 460)
[M::mem_pestat] low and high boundaries for computing mean and std.dev: (109, 694)
[M::mem_pestat] mean and std.dev: (402.97, 90.11)
[M::mem_pestat] low and high boundaries for proper pairs: (1, 811)
[M::mem_pestat] skip orientation RF as there are not enough pairs
[M::mem_pestat] skip orientation RR as there are not enough pairs
[M::mem_process_seqs] Processed 39854 reads in 4.916 CPU sec, 4.684 real sec
[M::process] read 40340 sequences (10000499 bp)...
[M::mem_pestat] # candidate unique pairs for (FF, FR, RF, RR): (0, 19988, 0, 0)
[M::mem_pestat] skip orientation FF as there are not enough pairs
[M::mem_pestat] analyzing insert size distribution for orientation FR...
[M::mem_pestat] (25, 50, 75) percentile: (343, 398, 460)
[M::mem_pestat] low and high boundaries for computing mean and std.dev: (109, 694)
[M::mem_pestat] mean and std.dev: (403.00, 90.07)
[M::mem_pestat] low and high boundaries for proper pairs: (1, 811)
[M::mem_pestat] skip orientation RF as there are not enough pairs
[M::mem_pestat] skip orientation RR as there are not enough pairs
[M::mem_process_seqs] Processed 40528 reads in 5.041 CPU sec, 4.845 real sec
[M::process] read 39662 sequences (10000031 bp)...
[M::mem_pestat] # candidate unique pairs for (FF, FR, RF, RR): (0, 19881, 0, 0)
[M::mem_pestat] skip orientation FF as there are not enough pairs
[M::mem_pestat] analyzing insert size distribution for orientation FR...
[M::mem_pestat] (25, 50, 75) percentile: (344, 399, 462)
[M::mem_pestat] low and high boundaries for computing mean and std.dev: (108, 698)
[M::mem_pestat] mean and std.dev: (404.80, 90.23)
[M::mem_pestat] low and high boundaries for proper pairs: (1, 816)
[M::mem_pestat] skip orientation RF as there are not enough pairs
[M::mem_pestat] skip orientation RR as there are not enough pairs
[M::mem_process_seqs] Processed 40340 reads in 4.959 CPU sec, 4.740 real sec
[M::process] read 40792 sequences (10000229 bp)...
[M::mem_pestat] # candidate unique pairs for (FF, FR, RF, RR): (0, 19594, 0, 0)
[M::mem_pestat] skip orientation FF as there are not enough pairs
[M::mem_pestat] analyzing insert size distribution for orientation FR...
[M::mem_pestat] (25, 50, 75) percentile: (344, 399, 463)
[M::mem_pestat] low and high boundaries for computing mean and std.dev: (106, 701)
[M::mem_pestat] mean and std.dev: (404.50, 90.64)
[M::mem_pestat] low and high boundaries for proper pairs: (1, 820)
[M::mem_pestat] skip orientation RF as there are not enough pairs
[M::mem_pestat] skip orientation RR as there are not enough pairs
[M::mem_process_seqs] Processed 39662 reads in 4.794 CPU sec, 4.588 real sec
[M::process] read 40632 sequences (10000424 bp)...
[M::mem_pestat] # candidate unique pairs for (FF, FR, RF, RR): (0, 20139, 0, 0)
[M::mem_pestat] skip orientation FF as there are not enough pairs
[M::mem_pestat] analyzing insert size distribution for orientation FR...
[M::mem_pestat] (25, 50, 75) percentile: (343, 398, 461)
[M::mem_pestat] low and high boundaries for computing mean and std.dev: (107, 697)
[M::mem_pestat] mean and std.dev: (403.80, 90.81)
[M::mem_pestat] low and high boundaries for proper pairs: (1, 815)
[M::mem_pestat] skip orientation RF as there are not enough pairs
[M::mem_pestat] skip orientation RR as there are not enough pairs
[M::mem_process_seqs] Processed 40792 reads in 5.125 CPU sec, 4.903 real sec
[M::process] read 39646 sequences (10000271 bp)...
[M::mem_pestat] # candidate unique pairs for (FF, FR, RF, RR): (1, 20076, 0, 0)
[M::mem_pestat] skip orientation FF as there are not enough pairs
[M::mem_pestat] analyzing insert size distribution for orientation FR...
[M::mem_pestat] (25, 50, 75) percentile: (343, 397, 460)
[M::mem_pestat] low and high boundaries for computing mean and std.dev: (109, 694)
[M::mem_pestat] mean and std.dev: (402.47, 90.34)
[M::mem_pestat] low and high boundaries for proper pairs: (1, 811)
[M::mem_pestat] skip orientation RF as there are not enough pairs
[M::mem_pestat] skip orientation RR as there are not enough pairs
[M::mem_process_seqs] Processed 40632 reads in 4.899 CPU sec, 4.701 real sec
[M::process] read 40848 sequences (10000153 bp)...
[M::mem_pestat] # candidate unique pairs for (FF, FR, RF, RR): (0, 19539, 0, 0)
[M::mem_pestat] skip orientation FF as there are not enough pairs
[M::mem_pestat] analyzing insert size distribution for orientation FR...
[M::mem_pestat] (25, 50, 75) percentile: (345, 399, 462)
[M::mem_pestat] low and high boundaries for computing mean and std.dev: (111, 696)
[M::mem_pestat] mean and std.dev: (405.46, 90.38)
[M::mem_pestat] low and high boundaries for proper pairs: (1, 813)
[M::mem_pestat] skip orientation RF as there are not enough pairs
[M::mem_pestat] skip orientation RR as there are not enough pairs
[M::mem_process_seqs] Processed 39646 reads in 5.267 CPU sec, 5.044 real sec
[M::process] read 40658 sequences (10000190 bp)...
[M::mem_pestat] # candidate unique pairs for (FF, FR, RF, RR): (0, 20155, 0, 0)
[M::mem_pestat] skip orientation FF as there are not enough pairs
[M::mem_pestat] analyzing insert size distribution for orientation FR...
[M::mem_pestat] (25, 50, 75) percentile: (342, 397, 459)
[M::mem_pestat] low and high boundaries for computing mean and std.dev: (108, 693)
[M::mem_pestat] mean and std.dev: (401.99, 89.75)
[M::mem_pestat] low and high boundaries for proper pairs: (1, 810)
[M::mem_pestat] skip orientation RF as there are not enough pairs
[M::mem_pestat] skip orientation RR as there are not enough pairs
[M::mem_process_seqs] Processed 40848 reads in 4.824 CPU sec, 4.618 real sec
[M::process] read 39622 sequences (10000012 bp)...
[M::mem_pestat] # candidate unique pairs for (FF, FR, RF, RR): (0, 20065, 0, 0)
[M::mem_pestat] skip orientation FF as there are not enough pairs
[M::mem_pestat] analyzing insert size distribution for orientation FR...
[M::mem_pestat] (25, 50, 75) percentile: (343, 398, 460)
[M::mem_pestat] low and high boundaries for computing mean and std.dev: (109, 694)
[M::mem_pestat] mean and std.dev: (403.27, 90.41)
[M::mem_pestat] low and high boundaries for proper pairs: (1, 811)
[M::mem_pestat] skip orientation RF as there are not enough pairs
[M::mem_pestat] skip orientation RR as there are not enough pairs
[M::mem_process_seqs] Processed 40658 reads in 5.027 CPU sec, 4.851 real sec
[M::process] read 41088 sequences (10000257 bp)...
[M::mem_pestat] # candidate unique pairs for (FF, FR, RF, RR): (0, 19517, 0, 0)
[M::mem_pestat] skip orientation FF as there are not enough pairs
[M::mem_pestat] analyzing insert size distribution for orientation FR...
[M::mem_pestat] (25, 50, 75) percentile: (343, 397, 460)
[M::mem_pestat] low and high boundaries for computing mean and std.dev: (109, 694)
[M::mem_pestat] mean and std.dev: (403.14, 90.17)
[M::mem_pestat] low and high boundaries for proper pairs: (1, 811)
[M::mem_pestat] skip orientation RF as there are not enough pairs
[M::mem_pestat] skip orientation RR as there are not enough pairs
[M::mem_process_seqs] Processed 39622 reads in 4.925 CPU sec, 4.721 real sec
[M::process] read 40900 sequences (10000084 bp)...
[M::mem_pestat] # candidate unique pairs for (FF, FR, RF, RR): (0, 20270, 0, 0)
[M::mem_pestat] skip orientation FF as there are not enough pairs
[M::mem_pestat] analyzing insert size distribution for orientation FR...
[M::mem_pestat] (25, 50, 75) percentile: (342, 397, 460)
[M::mem_pestat] low and high boundaries for computing mean and std.dev: (106, 696)
[M::mem_pestat] mean and std.dev: (402.42, 89.41)
[M::mem_pestat] low and high boundaries for proper pairs: (1, 814)
[M::mem_pestat] skip orientation RF as there are not enough pairs
[M::mem_pestat] skip orientation RR as there are not enough pairs
[M::mem_process_seqs] Processed 41088 reads in 4.748 CPU sec, 4.523 real sec
[M::process] read 39948 sequences (10000431 bp)...
[M::mem_pestat] # candidate unique pairs for (FF, FR, RF, RR): (0, 20168, 0, 0)
[M::mem_pestat] skip orientation FF as there are not enough pairs
[M::mem_pestat] analyzing insert size distribution for orientation FR...
[M::mem_pestat] (25, 50, 75) percentile: (343, 397, 459)
[M::mem_pestat] low and high boundaries for computing mean and std.dev: (111, 691)
[M::mem_pestat] mean and std.dev: (402.64, 89.66)
[M::mem_pestat] low and high boundaries for proper pairs: (1, 807)
[M::mem_pestat] skip orientation RF as there are not enough pairs
[M::mem_pestat] skip orientation RR as there are not enough pairs
[M::mem_process_seqs] Processed 40900 reads in 4.394 CPU sec, 4.192 real sec
[M::process] read 40824 sequences (10000417 bp)...
[M::mem_pestat] # candidate unique pairs for (FF, FR, RF, RR): (0, 19729, 0, 0)
[M::mem_pestat] skip orientation FF as there are not enough pairs
[M::mem_pestat] analyzing insert size distribution for orientation FR...
[M::mem_pestat] (25, 50, 75) percentile: (344, 398, 460)
[M::mem_pestat] low and high boundaries for computing mean and std.dev: (112, 692)
[M::mem_pestat] mean and std.dev: (403.35, 89.80)
[M::mem_pestat] low and high boundaries for proper pairs: (1, 808)
[M::mem_pestat] skip orientation RF as there are not enough pairs
[M::mem_pestat] skip orientation RR as there are not enough pairs
[M::mem_process_seqs] Processed 39948 reads in 4.959 CPU sec, 4.740 real sec
[M::process] read 41136 sequences (10000363 bp)...
[M::mem_pestat] # candidate unique pairs for (FF, FR, RF, RR): (0, 20139, 0, 0)
[M::mem_pestat] skip orientation FF as there are not enough pairs
[M::mem_pestat] analyzing insert size distribution for orientation FR...
[M::mem_pestat] (25, 50, 75) percentile: (342, 398, 460)
[M::mem_pestat] low and high boundaries for computing mean and std.dev: (106, 696)
[M::mem_pestat] mean and std.dev: (402.96, 89.92)
[M::mem_pestat] low and high boundaries for proper pairs: (1, 814)
[M::mem_pestat] skip orientation RF as there are not enough pairs
[M::mem_pestat] skip orientation RR as there are not enough pairs
[M::mem_process_seqs] Processed 40824 reads in 5.110 CPU sec, 4.943 real sec
[M::process] read 40740 sequences (10000398 bp)...
[M::mem_pestat] # candidate unique pairs for (FF, FR, RF, RR): (0, 20286, 0, 0)
[M::mem_pestat] skip orientation FF as there are not enough pairs
[M::mem_pestat] analyzing insert size distribution for orientation FR...
[M::mem_pestat] (25, 50, 75) percentile: (343, 397, 461)
[M::mem_pestat] low and high boundaries for computing mean and std.dev: (107, 697)
[M::mem_pestat] mean and std.dev: (402.58, 90.28)
[M::mem_pestat] low and high boundaries for proper pairs: (1, 815)
[M::mem_pestat] skip orientation RF as there are not enough pairs
[M::mem_pestat] skip orientation RR as there are not enough pairs
[M::mem_process_seqs] Processed 41136 reads in 4.945 CPU sec, 4.719 real sec
[M::process] read 39310 sequences (10000197 bp)...
[M::mem_pestat] # candidate unique pairs for (FF, FR, RF, RR): (0, 20076, 0, 0)
[M::mem_pestat] skip orientation FF as there are not enough pairs
[M::mem_pestat] analyzing insert size distribution for orientation FR...
[M::mem_pestat] (25, 50, 75) percentile: (343, 398, 461)
[M::mem_pestat] low and high boundaries for computing mean and std.dev: (107, 697)
[M::mem_pestat] mean and std.dev: (403.67, 89.86)
[M::mem_pestat] low and high boundaries for proper pairs: (1, 815)
[M::mem_pestat] skip orientation RF as there are not enough pairs
[M::mem_pestat] skip orientation RR as there are not enough pairs
[M::mem_process_seqs] Processed 40740 reads in 4.860 CPU sec, 4.658 real sec
[M::process] read 40362 sequences (10000334 bp)...
[M::mem_pestat] # candidate unique pairs for (FF, FR, RF, RR): (0, 19372, 0, 0)
[M::mem_pestat] skip orientation FF as there are not enough pairs
[M::mem_pestat] analyzing insert size distribution for orientation FR...
[M::mem_pestat] (25, 50, 75) percentile: (343, 399, 461)
[M::mem_pestat] low and high boundaries for computing mean and std.dev: (107, 697)
[M::mem_pestat] mean and std.dev: (403.76, 89.65)
[M::mem_pestat] low and high boundaries for proper pairs: (1, 815)
[M::mem_pestat] skip orientation RF as there are not enough pairs
[M::mem_pestat] skip orientation RR as there are not enough pairs
[M::mem_process_seqs] Processed 39310 reads in 4.924 CPU sec, 4.699 real sec
[M::process] read 40152 sequences (10000092 bp)...
[M::mem_pestat] # candidate unique pairs for (FF, FR, RF, RR): (0, 19932, 0, 0)
[M::mem_pestat] skip orientation FF as there are not enough pairs
[M::mem_pestat] analyzing insert size distribution for orientation FR...
[M::mem_pestat] (25, 50, 75) percentile: (344, 398, 460)
[M::mem_pestat] low and high boundaries for computing mean and std.dev: (112, 692)
[M::mem_pestat] mean and std.dev: (403.08, 89.70)
[M::mem_pestat] low and high boundaries for proper pairs: (1, 808)
[M::mem_pestat] skip orientation RF as there are not enough pairs
[M::mem_pestat] skip orientation RR as there are not enough pairs
[M::mem_process_seqs] Processed 40362 reads in 4.941 CPU sec, 4.736 real sec
[M::process] read 40446 sequences (10000045 bp)...
[M::mem_pestat] # candidate unique pairs for (FF, FR, RF, RR): (0, 19805, 0, 0)
[M::mem_pestat] skip orientation FF as there are not enough pairs
[M::mem_pestat] analyzing insert size distribution for orientation FR...
[M::mem_pestat] (25, 50, 75) percentile: (344, 399, 463)
[M::mem_pestat] low and high boundaries for computing mean and std.dev: (106, 701)
[M::mem_pestat] mean and std.dev: (404.53, 91.14)
[M::mem_pestat] low and high boundaries for proper pairs: (1, 820)
[M::mem_pestat] skip orientation RF as there are not enough pairs
[M::mem_pestat] skip orientation RR as there are not enough pairs
[M::mem_process_seqs] Processed 40152 reads in 4.903 CPU sec, 4.675 real sec
[M::process] read 41436 sequences (10000300 bp)...
[M::mem_pestat] # candidate unique pairs for (FF, FR, RF, RR): (0, 19906, 0, 0)
[M::mem_pestat] skip orientation FF as there are not enough pairs
[M::mem_pestat] analyzing insert size distribution for orientation FR...
[M::mem_pestat] (25, 50, 75) percentile: (346, 403, 465)
[M::mem_pestat] low and high boundaries for computing mean and std.dev: (108, 703)
[M::mem_pestat] mean and std.dev: (407.77, 90.69)
[M::mem_pestat] low and high boundaries for proper pairs: (1, 822)
[M::mem_pestat] skip orientation RF as there are not enough pairs
[M::mem_pestat] skip orientation RR as there are not enough pairs
[M::mem_process_seqs] Processed 40446 reads in 4.867 CPU sec, 4.657 real sec
[M::process] read 27900 sequences (6859459 bp)...
[M::mem_pestat] # candidate unique pairs for (FF, FR, RF, RR): (0, 20414, 0, 0)
[M::mem_pestat] skip orientation FF as there are not enough pairs
[M::mem_pestat] analyzing insert size distribution for orientation FR...
[M::mem_pestat] (25, 50, 75) percentile: (346, 401, 464)
[M::mem_pestat] low and high boundaries for computing mean and std.dev: (110, 700)
[M::mem_pestat] mean and std.dev: (406.38, 89.44)
[M::mem_pestat] low and high boundaries for proper pairs: (1, 818)
[M::mem_pestat] skip orientation RF as there are not enough pairs
[M::mem_pestat] skip orientation RR as there are not enough pairs
[M::mem_process_seqs] Processed 41436 reads in 4.932 CPU sec, 4.769 real sec
[M::mem_pestat] # candidate unique pairs for (FF, FR, RF, RR): (0, 13745, 0, 0)
[M::mem_pestat] skip orientation FF as there are not enough pairs
[M::mem_pestat] analyzing insert size distribution for orientation FR...
[M::mem_pestat] (25, 50, 75) percentile: (347, 402, 465)
[M::mem_pestat] low and high boundaries for computing mean and std.dev: (111, 701)
[M::mem_pestat] mean and std.dev: (407.37, 89.51)
[M::mem_pestat] low and high boundaries for proper pairs: (1, 819)
[M::mem_pestat] skip orientation RF as there are not enough pairs
[M::mem_pestat] skip orientation RR as there are not enough pairs
[M::mem_process_seqs] Processed 27900 reads in 3.239 CPU sec, 3.198 real sec
[main] Version: 0.7.17-r1188
[main] CMD: bwa mem ../input_data/HP126_flye_assembly.fasta ../input_data/HP126_DNA_trimmomatic_forward_paired.fastq.gz ../input_data/HP126_DNA_trimmomatic_reverse_paired.fastq.gz
[main] Real time: 257.344 sec; CPU: 268.251 sec
[bam_sort_core] merging from 1 files and 1 in-memory blocks...
